<?xml version="1.0" encoding="UTF-8"?>
<!-- Generated by org.testng.reporters.JUnitXMLReporter -->
<testsuite ignored="5" hostname="AITHCLT046" failures="1" tests="1" name="=MarketCreation" time="87.589" errors="0" timestamp="2025-03-05T09:50:17 IST">
  <testcase classname="com.MastersTestRunner.MarketTestRunner" name="marketcreation" time="82.641">
    <failure type="org.openqa.selenium.ElementNotInteractableException" message="element not interactable
  (Session info: chrome=133.0.6943.142)
Build info: version: &amp;apos;4.27.0&amp;apos;, revision: &amp;apos;d6e718d134&amp;apos;
System info: os.name: &amp;apos;Windows 11&amp;apos;, os.arch: &amp;apos;amd64&amp;apos;, os.version: &amp;apos;10.0&amp;apos;, java.version: &amp;apos;23.0.1&amp;apos;
Driver info: org.openqa.selenium.chrome.ChromeDriver
Command: [91ad81e79cca6e0f5a8aafe77c0b97b8, clickElement {id=f.51B34C4D0CAA88BC0A2548A3C485CA5D.d.B7FCFC0231EE0941E6870E24B036F0A2.e.143}]
Capabilities {acceptInsecureCerts: false, browserName: chrome, browserVersion: 133.0.6943.142, chrome: {chromedriverVersion: 133.0.6943.141 (2a5d6da0d61..., userDataDir: C:\Users\VAISHN~1.T\AppData...}, fedcm:accounts: true, goog:chromeOptions: {debuggerAddress: localhost:62861}, networkConnectionEnabled: false, pageLoadStrategy: normal, platformName: windows, proxy: Proxy(), se:cdp: ws://localhost:62861/devtoo..., se:cdpVersion: 133.0.6943.142, setWindowRect: true, strictFileInteractability: false, timeouts: {implicit: 0, pageLoad: 300000, script: 30000}, unhandledPromptBehavior: dismiss and notify, webauthn:extension:credBlob: true, webauthn:extension:largeBlob: true, webauthn:extension:minPinLength: true, webauthn:extension:prf: true, webauthn:virtualAuthenticators: true}
Element: [[ChromeDriver: chrome on windows (91ad81e79cca6e0f5a8aafe77c0b97b8)] -&amp;gt; xpath: (//button[text()=&amp;apos;No&amp;apos;])[2]]
Session ID: 91ad81e79cca6e0f5a8aafe77c0b97b8">
      <![CDATA[org.openqa.selenium.ElementNotInteractableException: element not interactable
  (Session info: chrome=133.0.6943.142)
Build info: version: '4.27.0', revision: 'd6e718d134'
System info: os.name: 'Windows 11', os.arch: 'amd64', os.version: '10.0', java.version: '23.0.1'
Driver info: org.openqa.selenium.chrome.ChromeDriver
Command: [91ad81e79cca6e0f5a8aafe77c0b97b8, clickElement {id=f.51B34C4D0CAA88BC0A2548A3C485CA5D.d.B7FCFC0231EE0941E6870E24B036F0A2.e.143}]
Capabilities {acceptInsecureCerts: false, browserName: chrome, browserVersion: 133.0.6943.142, chrome: {chromedriverVersion: 133.0.6943.141 (2a5d6da0d61..., userDataDir: C:\Users\VAISHN~1.T\AppData...}, fedcm:accounts: true, goog:chromeOptions: {debuggerAddress: localhost:62861}, networkConnectionEnabled: false, pageLoadStrategy: normal, platformName: windows, proxy: Proxy(), se:cdp: ws://localhost:62861/devtoo..., se:cdpVersion: 133.0.6943.142, setWindowRect: true, strictFileInteractability: false, timeouts: {implicit: 0, pageLoad: 300000, script: 30000}, unhandledPromptBehavior: dismiss and notify, webauthn:extension:credBlob: true, webauthn:extension:largeBlob: true, webauthn:extension:minPinLength: true, webauthn:extension:prf: true, webauthn:virtualAuthenticators: true}
Element: [[ChromeDriver: chrome on windows (91ad81e79cca6e0f5a8aafe77c0b97b8)] -> xpath: (//button[text()='No'])[2]]
Session ID: 91ad81e79cca6e0f5a8aafe77c0b97b8
at org.openqa.selenium.remote.ErrorCodec.decode(ErrorCodec.java:167)
at org.openqa.selenium.remote.codec.w3c.W3CHttpResponseCodec.decode(W3CHttpResponseCodec.java:138)
at org.openqa.selenium.remote.codec.w3c.W3CHttpResponseCodec.decode(W3CHttpResponseCodec.java:50)
at org.openqa.selenium.remote.HttpCommandExecutor.execute(HttpCommandExecutor.java:190)
at org.openqa.selenium.remote.service.DriverCommandExecutor.invokeExecute(DriverCommandExecutor.java:216)
at org.openqa.selenium.remote.service.DriverCommandExecutor.execute(DriverCommandExecutor.java:174)
at org.openqa.selenium.remote.RemoteWebDriver.execute(RemoteWebDriver.java:545)
at org.openqa.selenium.remote.RemoteWebElement.execute(RemoteWebElement.java:223)
at org.openqa.selenium.remote.RemoteWebElement.click(RemoteWebElement.java:76)
at org.openqa.selenium.support.pagefactory.internal.LocatingElementHandler.invoke(LocatingElementHandler.java:51)
at jdk.proxy2/jdk.proxy2.$Proxy33.click(Unknown Source)
at com.BasicData.BRMSCommonMethods.clickElement(BRMSCommonMethods.java:198)
at com.MasterPageObjects.Market.createactivity(Market.java:195)
at com.MastersTestRunner.MarketTestRunner.marketcreation(MarketTestRunner.java:55)
at java.base/java.util.ArrayList.forEach(ArrayList.java:1597)
... Removed 30 stack frames]]>
    </failure>
  </testcase> <!-- marketcreation -->
  <testcase classname="com.MastersTestRunner.MarketTestRunner" name="updatemarketwithspace" time="0.0">
    <ignored/>
  </testcase> <!-- updatemarketwithspace -->
  <testcase classname="com.MastersTestRunner.MarketTestRunner" name="marketupdate" time="0.0">
    <ignored/>
  </testcase> <!-- marketupdate -->
  <testcase classname="com.MastersTestRunner.MarketTestRunner" name="marketdisableenable" time="0.0">
    <ignored/>
  </testcase> <!-- marketdisableenable -->
  <testcase classname="com.MastersTestRunner.MarketTestRunner" name="existedmarketcreation" time="0.0">
    <ignored/>
  </testcase> <!-- existedmarketcreation -->
  <testcase classname="com.MastersTestRunner.MarketTestRunner" name="marketcreatewithspace" time="0.0">
    <ignored/>
  </testcase> <!-- marketcreatewithspace -->
</testsuite> <!-- =MarketCreation -->
