<?xml version="1.0" encoding="UTF-8"?>
<!-- Generated by org.testng.reporters.JUnitXMLReporter -->
<testsuite ignored="8" hostname="AITHCLT046" failures="1" tests="1" name="BlendInitiationwithPellets" time="93.501" errors="0" timestamp="2025-05-04T10:19:30 IST">
  <testcase classname="com.InitiatorTestRunner.BMRProductDetailsInitiation" name="blendinitiationwithpellets" time="82.599">
    <failure type="org.openqa.selenium.StaleElementReferenceException" message="stale element reference: stale element not found in the current frame
  (Session info: chrome=135.0.7049.115)
For documentation on this error, please visit: https://www.selenium.dev/documentation/webdriver/troubleshooting/errors#stale-element-reference-exception
Build info: version: &amp;apos;4.27.0&amp;apos;, revision: &amp;apos;d6e718d134&amp;apos;
System info: os.name: &amp;apos;Windows 11&amp;apos;, os.arch: &amp;apos;amd64&amp;apos;, os.version: &amp;apos;10.0&amp;apos;, java.version: &amp;apos;23.0.1&amp;apos;
Driver info: org.openqa.selenium.chrome.ChromeDriver
Command: [1c4ebc28a0852a83f593d1c4fad01912, clickElement {id=f.0831FC82424F4316A18FE7E69179BA45.d.B68E3B48BDCE7745D9BE673BA0468116.e.145}]
Capabilities {acceptInsecureCerts: false, browserName: chrome, browserVersion: 135.0.7049.115, chrome: {chromedriverVersion: 135.0.7049.114 (63fd8a7d9d0..., userDataDir: C:\Users\VAISHN~1.T\AppData...}, fedcm:accounts: true, goog:chromeOptions: {debuggerAddress: localhost:55591}, networkConnectionEnabled: false, pageLoadStrategy: normal, platformName: windows, proxy: Proxy(), se:cdp: ws://localhost:55591/devtoo..., se:cdpVersion: 135.0.7049.115, setWindowRect: true, strictFileInteractability: false, timeouts: {implicit: 0, pageLoad: 300000, script: 30000}, unhandledPromptBehavior: dismiss and notify, webauthn:extension:credBlob: true, webauthn:extension:largeBlob: true, webauthn:extension:minPinLength: true, webauthn:extension:prf: true, webauthn:virtualAuthenticators: true}
Element: [[ChromeDriver: chrome on windows (1c4ebc28a0852a83f593d1c4fad01912)] -&amp;gt; xpath: (//input[@type=&amp;apos;checkbox&amp;apos;])[3]]
Session ID: 1c4ebc28a0852a83f593d1c4fad01912">
      <![CDATA[org.openqa.selenium.StaleElementReferenceException: stale element reference: stale element not found in the current frame
  (Session info: chrome=135.0.7049.115)
For documentation on this error, please visit: https://www.selenium.dev/documentation/webdriver/troubleshooting/errors#stale-element-reference-exception
Build info: version: '4.27.0', revision: 'd6e718d134'
System info: os.name: 'Windows 11', os.arch: 'amd64', os.version: '10.0', java.version: '23.0.1'
Driver info: org.openqa.selenium.chrome.ChromeDriver
Command: [1c4ebc28a0852a83f593d1c4fad01912, clickElement {id=f.0831FC82424F4316A18FE7E69179BA45.d.B68E3B48BDCE7745D9BE673BA0468116.e.145}]
Capabilities {acceptInsecureCerts: false, browserName: chrome, browserVersion: 135.0.7049.115, chrome: {chromedriverVersion: 135.0.7049.114 (63fd8a7d9d0..., userDataDir: C:\Users\VAISHN~1.T\AppData...}, fedcm:accounts: true, goog:chromeOptions: {debuggerAddress: localhost:55591}, networkConnectionEnabled: false, pageLoadStrategy: normal, platformName: windows, proxy: Proxy(), se:cdp: ws://localhost:55591/devtoo..., se:cdpVersion: 135.0.7049.115, setWindowRect: true, strictFileInteractability: false, timeouts: {implicit: 0, pageLoad: 300000, script: 30000}, unhandledPromptBehavior: dismiss and notify, webauthn:extension:credBlob: true, webauthn:extension:largeBlob: true, webauthn:extension:minPinLength: true, webauthn:extension:prf: true, webauthn:virtualAuthenticators: true}
Element: [[ChromeDriver: chrome on windows (1c4ebc28a0852a83f593d1c4fad01912)] -> xpath: (//input[@type='checkbox'])[3]]
Session ID: 1c4ebc28a0852a83f593d1c4fad01912
at org.openqa.selenium.remote.ErrorCodec.decode(ErrorCodec.java:167)
at org.openqa.selenium.remote.codec.w3c.W3CHttpResponseCodec.decode(W3CHttpResponseCodec.java:138)
at org.openqa.selenium.remote.codec.w3c.W3CHttpResponseCodec.decode(W3CHttpResponseCodec.java:50)
at org.openqa.selenium.remote.HttpCommandExecutor.execute(HttpCommandExecutor.java:190)
at org.openqa.selenium.remote.service.DriverCommandExecutor.invokeExecute(DriverCommandExecutor.java:216)
at org.openqa.selenium.remote.service.DriverCommandExecutor.execute(DriverCommandExecutor.java:174)
at org.openqa.selenium.remote.RemoteWebDriver.execute(RemoteWebDriver.java:545)
at org.openqa.selenium.remote.RemoteWebElement.execute(RemoteWebElement.java:223)
at org.openqa.selenium.remote.RemoteWebElement.click(RemoteWebElement.java:76)
at org.openqa.selenium.support.pagefactory.internal.LocatingElementHandler.invoke(LocatingElementHandler.java:51)
at jdk.proxy2/jdk.proxy2.$Proxy19.click(Unknown Source)
at com.BasicData.BRMSCommonMethods.clickElement(BRMSCommonMethods.java:203)
at com.InitiatorPageObjects.BMRProductDetails.blendinitiationwithpellets(BMRProductDetails.java:426)
at com.InitiatorTestRunner.BMRProductDetailsInitiation.blendinitiationwithpellets(BMRProductDetailsInitiation.java:82)
at java.base/java.util.ArrayList.forEach(ArrayList.java:1597)
... Removed 30 stack frames]]>
    </failure>
  </testcase> <!-- blendinitiationwithpellets -->
  <testcase classname="com.InitiatorTestRunner.BMRProductDetailsInitiation" name="standalonebulkinitiation" time="0.0">
    <ignored/>
  </testcase> <!-- standalonebulkinitiation -->
  <testcase classname="com.InitiatorTestRunner.BMRProductDetailsInitiation" name="commonbulkinitiation" time="0.0">
    <ignored/>
  </testcase> <!-- commonbulkinitiation -->
  <testcase classname="com.InitiatorTestRunner.BMRProductDetailsInitiation" name="pelletsinitiation" time="0.0">
    <ignored/>
  </testcase> <!-- pelletsinitiation -->
  <testcase classname="com.InitiatorTestRunner.BMRProductDetailsInitiation" name="pelletsReinitiation" time="0.0">
    <ignored/>
  </testcase> <!-- pelletsReinitiation -->
  <testcase classname="com.InitiatorTestRunner.BMRProductDetailsInitiation" name="bulkReinitiation" time="0.0">
    <ignored/>
  </testcase> <!-- bulkReinitiation -->
  <testcase classname="com.InitiatorTestRunner.BMRProductDetailsInitiation" name="bulkbilayerinitiation" time="0.0">
    <ignored/>
  </testcase> <!-- bulkbilayerinitiation -->
  <testcase classname="com.InitiatorTestRunner.BMRProductDetailsInitiation" name="blendReinitiation" time="0.0">
    <ignored/>
  </testcase> <!-- blendReinitiation -->
  <testcase classname="com.InitiatorTestRunner.BMRProductDetailsInitiation" name="blendinitiationwithoutpellets" time="0.0">
    <ignored/>
  </testcase> <!-- blendinitiationwithoutpellets -->
</testsuite> <!-- BlendInitiationwithPellets -->
