<?xml version="1.0" encoding="UTF-8"?>
<!-- Generated by org.testng.reporters.JUnitXMLReporter -->
<testsuite ignored="4" hostname="AITHCLT046" failures="1" tests="1" name="blisterproductInitiation" time="125.181" errors="0" timestamp="2025-05-10T10:10:40 IST">
  <testcase classname="com.InitiatorTestRunner.BPRProductDetailsInitiation" name="blisterproductInitiation" time="118.555">
    <failure type="org.openqa.selenium.ElementNotInteractableException" message="element not interactable
  (Session info: chrome=136.0.7103.93)
Build info: version: &amp;apos;4.27.0&amp;apos;, revision: &amp;apos;d6e718d134&amp;apos;
System info: os.name: &amp;apos;Windows 11&amp;apos;, os.arch: &amp;apos;amd64&amp;apos;, os.version: &amp;apos;10.0&amp;apos;, java.version: &amp;apos;23.0.1&amp;apos;
Driver info: org.openqa.selenium.chrome.ChromeDriver
Command: [3f7d9d13e4d2701f3bf73ab7e50af777, clickElement {id=f.36DEB6A883DD84F4E33C97C72F51E11D.d.6BDF86181DA8D6AB4A704854A7C88B59.e.202}]
Capabilities {acceptInsecureCerts: false, browserName: chrome, browserVersion: 136.0.7103.93, chrome: {chromedriverVersion: 136.0.7103.92 (cb81a4cc5087..., userDataDir: C:\Users\VAISHN~1.T\AppData...}, fedcm:accounts: true, goog:chromeOptions: {debuggerAddress: localhost:55459}, networkConnectionEnabled: false, pageLoadStrategy: normal, platformName: windows, proxy: Proxy(), se:cdp: ws://localhost:55459/devtoo..., se:cdpVersion: 136.0.7103.93, setWindowRect: true, strictFileInteractability: false, timeouts: {implicit: 0, pageLoad: 300000, script: 30000}, unhandledPromptBehavior: dismiss and notify, webauthn:extension:credBlob: true, webauthn:extension:largeBlob: true, webauthn:extension:minPinLength: true, webauthn:extension:prf: true, webauthn:virtualAuthenticators: true}
Element: [[ChromeDriver: chrome on windows (3f7d9d13e4d2701f3bf73ab7e50af777)] -&amp;gt; xpath: (//input[@type=&amp;apos;checkbox&amp;apos;])[9]]
Session ID: 3f7d9d13e4d2701f3bf73ab7e50af777">
      <![CDATA[org.openqa.selenium.ElementNotInteractableException: element not interactable
  (Session info: chrome=136.0.7103.93)
Build info: version: '4.27.0', revision: 'd6e718d134'
System info: os.name: 'Windows 11', os.arch: 'amd64', os.version: '10.0', java.version: '23.0.1'
Driver info: org.openqa.selenium.chrome.ChromeDriver
Command: [3f7d9d13e4d2701f3bf73ab7e50af777, clickElement {id=f.36DEB6A883DD84F4E33C97C72F51E11D.d.6BDF86181DA8D6AB4A704854A7C88B59.e.202}]
Capabilities {acceptInsecureCerts: false, browserName: chrome, browserVersion: 136.0.7103.93, chrome: {chromedriverVersion: 136.0.7103.92 (cb81a4cc5087..., userDataDir: C:\Users\VAISHN~1.T\AppData...}, fedcm:accounts: true, goog:chromeOptions: {debuggerAddress: localhost:55459}, networkConnectionEnabled: false, pageLoadStrategy: normal, platformName: windows, proxy: Proxy(), se:cdp: ws://localhost:55459/devtoo..., se:cdpVersion: 136.0.7103.93, setWindowRect: true, strictFileInteractability: false, timeouts: {implicit: 0, pageLoad: 300000, script: 30000}, unhandledPromptBehavior: dismiss and notify, webauthn:extension:credBlob: true, webauthn:extension:largeBlob: true, webauthn:extension:minPinLength: true, webauthn:extension:prf: true, webauthn:virtualAuthenticators: true}
Element: [[ChromeDriver: chrome on windows (3f7d9d13e4d2701f3bf73ab7e50af777)] -> xpath: (//input[@type='checkbox'])[9]]
Session ID: 3f7d9d13e4d2701f3bf73ab7e50af777
at org.openqa.selenium.remote.ErrorCodec.decode(ErrorCodec.java:167)
at org.openqa.selenium.remote.codec.w3c.W3CHttpResponseCodec.decode(W3CHttpResponseCodec.java:138)
at org.openqa.selenium.remote.codec.w3c.W3CHttpResponseCodec.decode(W3CHttpResponseCodec.java:50)
at org.openqa.selenium.remote.HttpCommandExecutor.execute(HttpCommandExecutor.java:190)
at org.openqa.selenium.remote.service.DriverCommandExecutor.invokeExecute(DriverCommandExecutor.java:216)
at org.openqa.selenium.remote.service.DriverCommandExecutor.execute(DriverCommandExecutor.java:174)
at org.openqa.selenium.remote.RemoteWebDriver.execute(RemoteWebDriver.java:545)
at org.openqa.selenium.remote.RemoteWebElement.execute(RemoteWebElement.java:223)
at org.openqa.selenium.remote.RemoteWebElement.click(RemoteWebElement.java:76)
at org.openqa.selenium.support.pagefactory.internal.LocatingElementHandler.invoke(LocatingElementHandler.java:51)
at jdk.proxy2/jdk.proxy2.$Proxy33.click(Unknown Source)
at com.BasicData.BRMSCommonMethods.clickElement(BRMSCommonMethods.java:212)
at com.InitiatorPageObjects.BPRProductDetails.validatealerts1(BPRProductDetails.java:240)
at com.InitiatorTestRunner.BPRProductDetailsInitiation.blisterproductInitiation(BPRProductDetailsInitiation.java:65)
at java.base/java.util.ArrayList.forEach(ArrayList.java:1597)
... Removed 30 stack frames]]>
    </failure>
  </testcase> <!-- blisterproductInitiation -->
  <testcase classname="com.InitiatorTestRunner.BPRProductDetailsInitiation" name="bottleproductReInitiation" time="0.0">
    <ignored/>
  </testcase> <!-- bottleproductReInitiation -->
  <testcase classname="com.InitiatorTestRunner.BPRProductDetailsInitiation" name="blisterproductReInitiation" time="0.0">
    <ignored/>
  </testcase> <!-- blisterproductReInitiation -->
  <testcase classname="com.InitiatorTestRunner.BPRProductDetailsInitiation" name="bottleproductInitiation" time="0.0">
    <ignored/>
  </testcase> <!-- bottleproductInitiation -->
  <testcase classname="com.InitiatorTestRunner.BPRProductDetailsInitiation" name="pouchproductInitiation" time="0.0">
    <ignored/>
  </testcase> <!-- pouchproductInitiation -->
</testsuite> <!-- blisterproductInitiation -->
