<?xml version="1.0" encoding="UTF-8"?>
<!-- Generated by org.testng.reporters.JUnitXMLReporter -->
<testsuite ignored="5" hostname="AILT-100247" failures="1" tests="1" name="BlockorLocationCreation" time="140.455" errors="0" timestamp="2024-10-09T10:12:28 IST">
  <testcase classname="com.MastersTestRunner.BlockandLocationTestRunner" name="blocklocationcreation" time="119.515">
    <failure type="org.openqa.selenium.ElementNotInteractableException" message="element not interactable
  (Session info: chrome=129.0.6668.90)
Build info: version: &amp;apos;4.17.0&amp;apos;, revision: &amp;apos;e52b1be057*&amp;apos;
System info: os.name: &amp;apos;Windows 10&amp;apos;, os.arch: &amp;apos;amd64&amp;apos;, os.version: &amp;apos;10.0&amp;apos;, java.version: &amp;apos;14.0.2&amp;apos;
Driver info: org.openqa.selenium.chrome.ChromeDriver
Command: [610d88cadeff65cf59f04b746a9af96c, clickElement {id=f.9DDC4C186E86ACA6BA57492CA80EEEE8.d.D40A1F7DA083B9BBCDAC36B7DBD7EFE2.e.97}]
Capabilities {acceptInsecureCerts: false, browserName: chrome, browserVersion: 129.0.6668.90, chrome: {chromedriverVersion: 129.0.6668.91 (b00bc8b76d60..., userDataDir: C:\Users\VAISHN~1.T\AppData...}, fedcm:accounts: true, goog:chromeOptions: {debuggerAddress: localhost:61905}, networkConnectionEnabled: false, pageLoadStrategy: normal, platformName: windows, proxy: Proxy(), se:cdp: ws://localhost:61905/devtoo..., se:cdpVersion: 129.0.6668.90, setWindowRect: true, strictFileInteractability: false, timeouts: {implicit: 0, pageLoad: 300000, script: 30000}, unhandledPromptBehavior: dismiss and notify, webauthn:extension:credBlob: true, webauthn:extension:largeBlob: true, webauthn:extension:minPinLength: true, webauthn:extension:prf: true, webauthn:virtualAuthenticators: true}
Element: [[ChromeDriver: chrome on windows (610d88cadeff65cf59f04b746a9af96c)] -&amp;gt; xpath: (//button[text()=&amp;apos;No&amp;apos;])[2]]
Session ID: 610d88cadeff65cf59f04b746a9af96c">
      <![CDATA[org.openqa.selenium.ElementNotInteractableException: element not interactable
  (Session info: chrome=129.0.6668.90)
Build info: version: '4.17.0', revision: 'e52b1be057*'
System info: os.name: 'Windows 10', os.arch: 'amd64', os.version: '10.0', java.version: '14.0.2'
Driver info: org.openqa.selenium.chrome.ChromeDriver
Command: [610d88cadeff65cf59f04b746a9af96c, clickElement {id=f.9DDC4C186E86ACA6BA57492CA80EEEE8.d.D40A1F7DA083B9BBCDAC36B7DBD7EFE2.e.97}]
Capabilities {acceptInsecureCerts: false, browserName: chrome, browserVersion: 129.0.6668.90, chrome: {chromedriverVersion: 129.0.6668.91 (b00bc8b76d60..., userDataDir: C:\Users\VAISHN~1.T\AppData...}, fedcm:accounts: true, goog:chromeOptions: {debuggerAddress: localhost:61905}, networkConnectionEnabled: false, pageLoadStrategy: normal, platformName: windows, proxy: Proxy(), se:cdp: ws://localhost:61905/devtoo..., se:cdpVersion: 129.0.6668.90, setWindowRect: true, strictFileInteractability: false, timeouts: {implicit: 0, pageLoad: 300000, script: 30000}, unhandledPromptBehavior: dismiss and notify, webauthn:extension:credBlob: true, webauthn:extension:largeBlob: true, webauthn:extension:minPinLength: true, webauthn:extension:prf: true, webauthn:virtualAuthenticators: true}
Element: [[ChromeDriver: chrome on windows (610d88cadeff65cf59f04b746a9af96c)] -> xpath: (//button[text()='No'])[2]]
Session ID: 610d88cadeff65cf59f04b746a9af96c
at org.openqa.selenium.remote.codec.w3c.W3CHttpResponseCodec.createException(W3CHttpResponseCodec.java:185)
at org.openqa.selenium.remote.codec.w3c.W3CHttpResponseCodec.decode(W3CHttpResponseCodec.java:134)
at org.openqa.selenium.remote.codec.w3c.W3CHttpResponseCodec.decode(W3CHttpResponseCodec.java:51)
at org.openqa.selenium.remote.HttpCommandExecutor.execute(HttpCommandExecutor.java:190)
at org.openqa.selenium.remote.service.DriverCommandExecutor.invokeExecute(DriverCommandExecutor.java:216)
at org.openqa.selenium.remote.service.DriverCommandExecutor.execute(DriverCommandExecutor.java:174)
at org.openqa.selenium.remote.RemoteWebDriver.execute(RemoteWebDriver.java:519)
at org.openqa.selenium.remote.RemoteWebElement.execute(RemoteWebElement.java:223)
at org.openqa.selenium.remote.RemoteWebElement.click(RemoteWebElement.java:76)
at org.openqa.selenium.support.pagefactory.internal.LocatingElementHandler.invoke(LocatingElementHandler.java:51)
at com.sun.proxy.$Proxy21.click(Unknown Source)
at com.BasicData.BRMSCommonMethods.clickElement(BRMSCommonMethods.java:138)
at com.MasterPageObjects.BlockandLocation.createactivity(BlockandLocation.java:212)
at com.MastersTestRunner.BlockandLocationTestRunner.blocklocationcreation(BlockandLocationTestRunner.java:27)
at java.base/java.util.ArrayList.forEach(ArrayList.java:1511)
... Removed 36 stack frames]]>
    </failure>
  </testcase> <!-- blocklocationcreation -->
  <testcase classname="com.MastersTestRunner.BlockandLocationTestRunner" name="addblocklocationinedit" time="0.0">
    <ignored/>
  </testcase> <!-- addblocklocationinedit -->
  <testcase classname="com.MastersTestRunner.BlockandLocationTestRunner" name="blocklocationdisableenable" time="0.0">
    <ignored/>
  </testcase> <!-- blocklocationdisableenable -->
  <testcase classname="com.MastersTestRunner.BlockandLocationTestRunner" name="existedblocklocationcreation" time="0.0">
    <ignored/>
  </testcase> <!-- existedblocklocationcreation -->
  <testcase classname="com.MastersTestRunner.BlockandLocationTestRunner" name="blocklocationedit" time="0.0">
    <ignored/>
  </testcase> <!-- blocklocationedit -->
  <testcase classname="com.MastersTestRunner.BlockandLocationTestRunner" name="existedblocklocationcreation1" time="0.0">
    <ignored/>
  </testcase> <!-- existedblocklocationcreation1 -->
</testsuite> <!-- BlockorLocationCreation -->
