<?xml version="1.0" encoding="UTF-8"?>
<!-- Generated by org.testng.reporters.JUnitXMLReporter -->
<testsuite ignored="1" hostname="AITHCLT046" failures="1" tests="1" name="BMRBeforePrintCancelInitiation" time="3.434" errors="0" timestamp="2025-05-15T11:16:14 IST">
  <testcase classname="com.BasicData.BRMSCommonMethods" name="@AfterMethod checkstatus" time="0.021">
    <failure type="org.openqa.selenium.NoSuchWindowException" message="no such window: target window already closed
from unknown error: web view not found
  (Session info: chrome=136.0.7103.93)
Build info: version: &amp;apos;4.27.0&amp;apos;, revision: &amp;apos;d6e718d134&amp;apos;
System info: os.name: &amp;apos;Windows 11&amp;apos;, os.arch: &amp;apos;amd64&amp;apos;, os.version: &amp;apos;10.0&amp;apos;, java.version: &amp;apos;23.0.1&amp;apos;
Driver info: org.openqa.selenium.chrome.ChromeDriver
Command: [e53a0205e27ad7d427bfde54f3dfb34f, screenshot {}]
Capabilities {acceptInsecureCerts: false, browserName: chrome, browserVersion: 136.0.7103.93, chrome: {chromedriverVersion: 136.0.7103.92 (cb81a4cc5087..., userDataDir: C:\Users\VAISHN~1.T\AppData...}, fedcm:accounts: true, goog:chromeOptions: {debuggerAddress: localhost:56683}, networkConnectionEnabled: false, pageLoadStrategy: normal, platformName: windows, proxy: Proxy(), se:cdp: ws://localhost:56683/devtoo..., se:cdpVersion: 136.0.7103.93, setWindowRect: true, strictFileInteractability: false, timeouts: {implicit: 0, pageLoad: 300000, script: 30000}, unhandledPromptBehavior: dismiss and notify, webauthn:extension:credBlob: true, webauthn:extension:largeBlob: true, webauthn:extension:minPinLength: true, webauthn:extension:prf: true, webauthn:virtualAuthenticators: true}
Session ID: e53a0205e27ad7d427bfde54f3dfb34f">
      <![CDATA[org.openqa.selenium.NoSuchWindowException: no such window: target window already closed
from unknown error: web view not found
  (Session info: chrome=136.0.7103.93)
Build info: version: '4.27.0', revision: 'd6e718d134'
System info: os.name: 'Windows 11', os.arch: 'amd64', os.version: '10.0', java.version: '23.0.1'
Driver info: org.openqa.selenium.chrome.ChromeDriver
Command: [e53a0205e27ad7d427bfde54f3dfb34f, screenshot {}]
Capabilities {acceptInsecureCerts: false, browserName: chrome, browserVersion: 136.0.7103.93, chrome: {chromedriverVersion: 136.0.7103.92 (cb81a4cc5087..., userDataDir: C:\Users\VAISHN~1.T\AppData...}, fedcm:accounts: true, goog:chromeOptions: {debuggerAddress: localhost:56683}, networkConnectionEnabled: false, pageLoadStrategy: normal, platformName: windows, proxy: Proxy(), se:cdp: ws://localhost:56683/devtoo..., se:cdpVersion: 136.0.7103.93, setWindowRect: true, strictFileInteractability: false, timeouts: {implicit: 0, pageLoad: 300000, script: 30000}, unhandledPromptBehavior: dismiss and notify, webauthn:extension:credBlob: true, webauthn:extension:largeBlob: true, webauthn:extension:minPinLength: true, webauthn:extension:prf: true, webauthn:virtualAuthenticators: true}
Session ID: e53a0205e27ad7d427bfde54f3dfb34f
at org.openqa.selenium.remote.ErrorCodec.decode(ErrorCodec.java:167)
at org.openqa.selenium.remote.codec.w3c.W3CHttpResponseCodec.decode(W3CHttpResponseCodec.java:138)
at org.openqa.selenium.remote.codec.w3c.W3CHttpResponseCodec.decode(W3CHttpResponseCodec.java:50)
at org.openqa.selenium.remote.HttpCommandExecutor.execute(HttpCommandExecutor.java:190)
at org.openqa.selenium.remote.service.DriverCommandExecutor.invokeExecute(DriverCommandExecutor.java:216)
at org.openqa.selenium.remote.service.DriverCommandExecutor.execute(DriverCommandExecutor.java:174)
at org.openqa.selenium.remote.RemoteWebDriver.execute(RemoteWebDriver.java:545)
at org.openqa.selenium.remote.RemoteWebDriver.execute(RemoteWebDriver.java:618)
at org.openqa.selenium.remote.RemoteWebDriver.execute(RemoteWebDriver.java:622)
at org.openqa.selenium.remote.RemoteWebDriver.getScreenshotAs(RemoteWebDriver.java:334)
at com.BasicData.BRMSCommonMethods.CaptureScreenshot(BRMSCommonMethods.java:190)
at com.BasicData.BRMSCommonMethods.checkstatus(BRMSCommonMethods.java:170)
at java.base/java.util.ArrayList.forEach(ArrayList.java:1597)
... Removed 33 stack frames]]>
    </failure>
  </testcase> <!-- @AfterMethod checkstatus -->
  <testcase classname="com.BasicData.BRMSCommonMethods" name="@AfterClass teardown" time="0.0">
    <skipped/>
  </testcase> <!-- @AfterClass teardown -->
  <testcase classname="com.ProductionInchargeTestRunner.BMRBeforePrintCancelInitiation" name="beforeprintcancelinitiation" time="0.26">
    <failure type="java.lang.AssertionError" message="expected [Please Enter UserId and Password] but found [null]">
      <![CDATA[java.lang.AssertionError: expected [Please Enter UserId and Password] but found [null]
at com.AdminPageObjects.Assignmenu.userlogin(Assignmenu.java:80)
at com.ProductionInchargeTestRunner.BMRBeforePrintCancelInitiation.beforeprintcancelinitiation(BMRBeforePrintCancelInitiation.java:27)
at java.base/java.util.ArrayList.forEach(ArrayList.java:1597)
... Removed 31 stack frames]]>
    </failure>
  </testcase> <!-- beforeprintcancelinitiation -->
  <testcase classname="com.ProductionInchargeTestRunner.BMRBeforePrintCancelInitiation" name="beforeprintcancelReinitiation" time="0.0">
    <ignored/>
  </testcase> <!-- beforeprintcancelReinitiation -->
</testsuite> <!-- BMRBeforePrintCancelInitiation -->
