<?xml version="1.0" encoding="UTF-8"?>
<!-- Generated by org.testng.reporters.JUnitXMLReporter -->
<testsuite ignored="3" hostname="AILT-100247" failures="1" tests="1" name="BMRPrintReApprovalByValidationIncharge" time="13.038" errors="0" timestamp="2024-11-21T15:13:32 IST">
  <testcase classname="com.ValidationInchargeTestRunner.BMRPrintReview" name="printReReview" time="7.004">
    <failure type="org.openqa.selenium.ElementNotInteractableException" message="element not interactable
  (Session info: chrome=131.0.6778.71)
Build info: version: &amp;apos;4.17.0&amp;apos;, revision: &amp;apos;e52b1be057*&amp;apos;
System info: os.name: &amp;apos;Windows 10&amp;apos;, os.arch: &amp;apos;amd64&amp;apos;, os.version: &amp;apos;10.0&amp;apos;, java.version: &amp;apos;14.0.2&amp;apos;
Driver info: org.openqa.selenium.chrome.ChromeDriver
Command: [16ad7e13cf6c5e2fd9efbcc228fa2604, sendKeysToElement {id=f.921704330FFB63C4B9A410725A0D92B3.d.CD4882BF3B819A42C5D7DD7EA3F5893F.e.72, value=[Ljava.lang.CharSequence;@e7b265e}]
Capabilities {acceptInsecureCerts: false, browserName: chrome, browserVersion: 131.0.6778.71, chrome: {chromedriverVersion: 131.0.6778.85 (3d81e41b6f3a..., userDataDir: C:\Users\VAISHN~1.T\AppData...}, fedcm:accounts: true, goog:chromeOptions: {debuggerAddress: localhost:56101}, networkConnectionEnabled: false, pageLoadStrategy: normal, platformName: windows, proxy: Proxy(), se:cdp: ws://localhost:56101/devtoo..., se:cdpVersion: 131.0.6778.71, setWindowRect: true, strictFileInteractability: false, timeouts: {implicit: 0, pageLoad: 300000, script: 30000}, unhandledPromptBehavior: dismiss and notify, webauthn:extension:credBlob: true, webauthn:extension:largeBlob: true, webauthn:extension:minPinLength: true, webauthn:extension:prf: true, webauthn:virtualAuthenticators: true}
Element: [[ChromeDriver: chrome on windows (16ad7e13cf6c5e2fd9efbcc228fa2604)] -&amp;gt; xpath: //input[@type=&amp;apos;search&amp;apos;]]
Session ID: 16ad7e13cf6c5e2fd9efbcc228fa2604">
      <![CDATA[org.openqa.selenium.ElementNotInteractableException: element not interactable
  (Session info: chrome=131.0.6778.71)
Build info: version: '4.17.0', revision: 'e52b1be057*'
System info: os.name: 'Windows 10', os.arch: 'amd64', os.version: '10.0', java.version: '14.0.2'
Driver info: org.openqa.selenium.chrome.ChromeDriver
Command: [16ad7e13cf6c5e2fd9efbcc228fa2604, sendKeysToElement {id=f.921704330FFB63C4B9A410725A0D92B3.d.CD4882BF3B819A42C5D7DD7EA3F5893F.e.72, value=[Ljava.lang.CharSequence;@e7b265e}]
Capabilities {acceptInsecureCerts: false, browserName: chrome, browserVersion: 131.0.6778.71, chrome: {chromedriverVersion: 131.0.6778.85 (3d81e41b6f3a..., userDataDir: C:\Users\VAISHN~1.T\AppData...}, fedcm:accounts: true, goog:chromeOptions: {debuggerAddress: localhost:56101}, networkConnectionEnabled: false, pageLoadStrategy: normal, platformName: windows, proxy: Proxy(), se:cdp: ws://localhost:56101/devtoo..., se:cdpVersion: 131.0.6778.71, setWindowRect: true, strictFileInteractability: false, timeouts: {implicit: 0, pageLoad: 300000, script: 30000}, unhandledPromptBehavior: dismiss and notify, webauthn:extension:credBlob: true, webauthn:extension:largeBlob: true, webauthn:extension:minPinLength: true, webauthn:extension:prf: true, webauthn:virtualAuthenticators: true}
Element: [[ChromeDriver: chrome on windows (16ad7e13cf6c5e2fd9efbcc228fa2604)] -> xpath: //input[@type='search']]
Session ID: 16ad7e13cf6c5e2fd9efbcc228fa2604
at org.openqa.selenium.remote.codec.w3c.W3CHttpResponseCodec.createException(W3CHttpResponseCodec.java:185)
at org.openqa.selenium.remote.codec.w3c.W3CHttpResponseCodec.decode(W3CHttpResponseCodec.java:134)
at org.openqa.selenium.remote.codec.w3c.W3CHttpResponseCodec.decode(W3CHttpResponseCodec.java:51)
at org.openqa.selenium.remote.HttpCommandExecutor.execute(HttpCommandExecutor.java:190)
at org.openqa.selenium.remote.service.DriverCommandExecutor.invokeExecute(DriverCommandExecutor.java:216)
at org.openqa.selenium.remote.service.DriverCommandExecutor.execute(DriverCommandExecutor.java:174)
at org.openqa.selenium.remote.RemoteWebDriver.execute(RemoteWebDriver.java:519)
at org.openqa.selenium.remote.RemoteWebElement.execute(RemoteWebElement.java:223)
at org.openqa.selenium.remote.RemoteWebElement.sendKeys(RemoteWebElement.java:110)
at org.openqa.selenium.support.pagefactory.internal.LocatingElementHandler.invoke(LocatingElementHandler.java:51)
at com.sun.proxy.$Proxy19.sendKeys(Unknown Source)
at com.ValidationInchargePageObjects.BMRValidationInchargePrintReview.reReview(BMRValidationInchargePrintReview.java:109)
at com.ValidationInchargeTestRunner.BMRPrintReview.printReReview(BMRPrintReview.java:60)
at java.base/java.util.ArrayList.forEach(ArrayList.java:1511)
... Removed 36 stack frames]]>
    </failure>
  </testcase> <!-- printReReview -->
  <testcase classname="com.ValidationInchargeTestRunner.BMRPrintReview" name="printReturntoExecutive" time="0.0">
    <ignored/>
  </testcase> <!-- printReturntoExecutive -->
  <testcase classname="com.ValidationInchargeTestRunner.BMRPrintReview" name="printReview" time="0.0">
    <ignored/>
  </testcase> <!-- printReview -->
  <testcase classname="com.ValidationInchargeTestRunner.BMRPrintReview" name="printReturntoIncharge" time="0.0">
    <ignored/>
  </testcase> <!-- printReturntoIncharge -->
</testsuite> <!-- BMRPrintReApprovalByValidationIncharge -->
