<?xml version="1.0" encoding="UTF-8"?>
<!-- Generated by org.testng.reporters.JUnitXMLReporter -->
<testsuite ignored="2" hostname="AILT-100247" failures="1" tests="1" name="bpradditionalPageInitiation" time="114.354" errors="0" timestamp="2025-01-19T11:19:00 IST">
  <testcase classname="com.ProductionExecutiveTestRunner.BPRAdditionalPagePrintReqInitiation" name="bpradditionalPageInitiation" time="80.842">
    <failure type="java.lang.AssertionError" message="null">
      <![CDATA[java.lang.AssertionError: null
at com.ProductionExecutiveTestRunner.BPRAdditionalPagePrintReqInitiation.bpradditionalPageInitiation(BPRAdditionalPagePrintReqInitiation.java:47)
at java.base/java.util.ArrayList.forEach(ArrayList.java:1511)
... Removed 29 stack frames]]>
    </failure>
  </testcase> <!-- bpradditionalPageInitiation -->
  <testcase classname="com.ProductionExecutiveTestRunner.BPRAdditionalPagePrintReqInitiation" name="additionalPageAcknowledgment" time="0.0">
    <ignored/>
  </testcase> <!-- additionalPageAcknowledgment -->
  <testcase classname="com.ProductionExecutiveTestRunner.BPRAdditionalPagePrintReqInitiation" name="bpradditionalPageReInitiation" time="0.0">
    <ignored/>
  </testcase> <!-- bpradditionalPageReInitiation -->
</testsuite> <!-- bpradditionalPageInitiation -->
