<?xml version="1.0" encoding="UTF-8"?>
<!-- Generated by org.testng.reporters.JUnitXMLReporter -->
<testsuite ignored="2" hostname="AILT-100247" failures="1" tests="1" name="bpradditionalPageReview" time="78.937" errors="0" timestamp="2025-01-19T11:23:08 IST">
  <testcase classname="com.ProductionInchargeTestRunner.BPRAdditionalPageReview" name="bpradditionalPageReview" time="72.343">
    <failure type="java.lang.AssertionError" message="null">
      <![CDATA[java.lang.AssertionError: null
at com.ProductionInchargeTestRunner.BPRAdditionalPageReview.bpradditionalPageReview(BPRAdditionalPageReview.java:63)
at java.base/java.util.ArrayList.forEach(ArrayList.java:1511)
... Removed 29 stack frames]]>
    </failure>
  </testcase> <!-- bpradditionalPageReview -->
  <testcase classname="com.ProductionInchargeTestRunner.BPRAdditionalPageReview" name="bpradditionalPageReturn" time="0.0">
    <ignored/>
  </testcase> <!-- bpradditionalPageReturn -->
  <testcase classname="com.ProductionInchargeTestRunner.BPRAdditionalPageReview" name="bpradditionalPageReject" time="0.0">
    <ignored/>
  </testcase> <!-- bpradditionalPageReject -->
</testsuite> <!-- bpradditionalPageReview -->
