<?xml version="1.0" encoding="UTF-8"?>
<!-- Generated by org.testng.reporters.JUnitXMLReporter -->
<testsuite ignored="4" hostname="AITHCLT046" failures="1" tests="1" name="bprbottleproductInitiation" time="101.74" errors="0" timestamp="2025-05-12T12:05:10 IST">
  <testcase classname="com.InitiatorTestRunner.BPRProductDetailsInitiation" name="bottleproductInitiation" time="94.873">
    <failure type="org.openqa.selenium.StaleElementReferenceException" message="stale element reference: stale element not found in the current frame
  (Session info: chrome=136.0.7103.93)
For documentation on this error, please visit: https://www.selenium.dev/documentation/webdriver/troubleshooting/errors#stale-element-reference-exception
Build info: version: &amp;apos;4.27.0&amp;apos;, revision: &amp;apos;d6e718d134&amp;apos;
System info: os.name: &amp;apos;Windows 11&amp;apos;, os.arch: &amp;apos;amd64&amp;apos;, os.version: &amp;apos;10.0&amp;apos;, java.version: &amp;apos;23.0.1&amp;apos;
Driver info: org.openqa.selenium.chrome.ChromeDriver
Command: [953d4a8508dc7f3e033c8af246c56db4, clickElement {id=f.460DFC29571C7228AD24BC17EBCCF64C.d.58F5071618A32042D521328E29990178.e.299}]
Capabilities {acceptInsecureCerts: false, browserName: chrome, browserVersion: 136.0.7103.93, chrome: {chromedriverVersion: 136.0.7103.92 (cb81a4cc5087..., userDataDir: C:\Users\VAISHN~1.T\AppData...}, fedcm:accounts: true, goog:chromeOptions: {debuggerAddress: localhost:64690}, networkConnectionEnabled: false, pageLoadStrategy: normal, platformName: windows, proxy: Proxy(), se:cdp: ws://localhost:64690/devtoo..., se:cdpVersion: 136.0.7103.93, setWindowRect: true, strictFileInteractability: false, timeouts: {implicit: 0, pageLoad: 300000, script: 30000}, unhandledPromptBehavior: dismiss and notify, webauthn:extension:credBlob: true, webauthn:extension:largeBlob: true, webauthn:extension:minPinLength: true, webauthn:extension:prf: true, webauthn:virtualAuthenticators: true}
Element: [[ChromeDriver: chrome on windows (953d4a8508dc7f3e033c8af246c56db4)] -&amp;gt; xpath: (//li[@class=&amp;apos;multiselect-item-checkbox ng-star-inserted&amp;apos;])[10]]
Session ID: 953d4a8508dc7f3e033c8af246c56db4">
      <![CDATA[org.openqa.selenium.StaleElementReferenceException: stale element reference: stale element not found in the current frame
  (Session info: chrome=136.0.7103.93)
For documentation on this error, please visit: https://www.selenium.dev/documentation/webdriver/troubleshooting/errors#stale-element-reference-exception
Build info: version: '4.27.0', revision: 'd6e718d134'
System info: os.name: 'Windows 11', os.arch: 'amd64', os.version: '10.0', java.version: '23.0.1'
Driver info: org.openqa.selenium.chrome.ChromeDriver
Command: [953d4a8508dc7f3e033c8af246c56db4, clickElement {id=f.460DFC29571C7228AD24BC17EBCCF64C.d.58F5071618A32042D521328E29990178.e.299}]
Capabilities {acceptInsecureCerts: false, browserName: chrome, browserVersion: 136.0.7103.93, chrome: {chromedriverVersion: 136.0.7103.92 (cb81a4cc5087..., userDataDir: C:\Users\VAISHN~1.T\AppData...}, fedcm:accounts: true, goog:chromeOptions: {debuggerAddress: localhost:64690}, networkConnectionEnabled: false, pageLoadStrategy: normal, platformName: windows, proxy: Proxy(), se:cdp: ws://localhost:64690/devtoo..., se:cdpVersion: 136.0.7103.93, setWindowRect: true, strictFileInteractability: false, timeouts: {implicit: 0, pageLoad: 300000, script: 30000}, unhandledPromptBehavior: dismiss and notify, webauthn:extension:credBlob: true, webauthn:extension:largeBlob: true, webauthn:extension:minPinLength: true, webauthn:extension:prf: true, webauthn:virtualAuthenticators: true}
Element: [[ChromeDriver: chrome on windows (953d4a8508dc7f3e033c8af246c56db4)] -> xpath: (//li[@class='multiselect-item-checkbox ng-star-inserted'])[10]]
Session ID: 953d4a8508dc7f3e033c8af246c56db4
at org.openqa.selenium.remote.ErrorCodec.decode(ErrorCodec.java:167)
at org.openqa.selenium.remote.codec.w3c.W3CHttpResponseCodec.decode(W3CHttpResponseCodec.java:138)
at org.openqa.selenium.remote.codec.w3c.W3CHttpResponseCodec.decode(W3CHttpResponseCodec.java:50)
at org.openqa.selenium.remote.HttpCommandExecutor.execute(HttpCommandExecutor.java:190)
at org.openqa.selenium.remote.service.DriverCommandExecutor.invokeExecute(DriverCommandExecutor.java:216)
at org.openqa.selenium.remote.service.DriverCommandExecutor.execute(DriverCommandExecutor.java:174)
at org.openqa.selenium.remote.RemoteWebDriver.execute(RemoteWebDriver.java:545)
at org.openqa.selenium.remote.RemoteWebElement.execute(RemoteWebElement.java:223)
at org.openqa.selenium.remote.RemoteWebElement.click(RemoteWebElement.java:76)
at org.openqa.selenium.support.pagefactory.internal.LocatingElementHandler.invoke(LocatingElementHandler.java:51)
at jdk.proxy2/jdk.proxy2.$Proxy33.click(Unknown Source)
at com.BasicData.BRMSCommonMethods.clickElement(BRMSCommonMethods.java:212)
at com.InitiatorPageObjects.BPRProductDetails.location(BPRProductDetails.java:498)
at com.InitiatorPageObjects.BPRProductDetails.bottlepackinginitiation(BPRProductDetails.java:343)
at com.InitiatorTestRunner.BPRProductDetailsInitiation.bottleproductInitiation(BPRProductDetailsInitiation.java:33)
at java.base/java.util.ArrayList.forEach(ArrayList.java:1597)
... Removed 30 stack frames]]>
    </failure>
  </testcase> <!-- bottleproductInitiation -->
  <testcase classname="com.InitiatorTestRunner.BPRProductDetailsInitiation" name="blisterproductInitiation" time="0.0">
    <ignored/>
  </testcase> <!-- blisterproductInitiation -->
  <testcase classname="com.InitiatorTestRunner.BPRProductDetailsInitiation" name="bottleproductReInitiation" time="0.0">
    <ignored/>
  </testcase> <!-- bottleproductReInitiation -->
  <testcase classname="com.InitiatorTestRunner.BPRProductDetailsInitiation" name="blisterproductReInitiation" time="0.0">
    <ignored/>
  </testcase> <!-- blisterproductReInitiation -->
  <testcase classname="com.InitiatorTestRunner.BPRProductDetailsInitiation" name="pouchproductInitiation" time="0.0">
    <ignored/>
  </testcase> <!-- pouchproductInitiation -->
</testsuite> <!-- bprbottleproductInitiation -->
