<?xml version="1.0" encoding="UTF-8"?>
<!-- Generated by org.testng.reporters.JUnitXMLReporter -->
<testsuite ignored="5" hostname="AITHCLT046" failures="1" tests="1" name="bprcftReturn" time="131.62" errors="0" timestamp="2025-01-30T11:05:32 IST">
  <testcase classname="com.QAHODorInchargeTestRunner.CFTRevieworReturn" name="bprcftReturn" time="127.01">
    <failure type="org.openqa.selenium.ElementClickInterceptedException" message="element click intercepted: Element &amp;lt;button _ngcontent-ng-c2530581994=&amp;quot;&amp;quot; data-dismiss=&amp;quot;modal&amp;quot; class=&amp;quot;btn outLineBtn btn-block&amp;quot;&amp;gt;...&amp;lt;/button&amp;gt; is not clickable at point (522, 300). Other element would receive the click: &amp;lt;div _ngcontent-ng-c2530581994=&amp;quot;&amp;quot; class=&amp;quot;modal-body modal-bodyBox text-center&amp;quot;&amp;gt;...&amp;lt;/div&amp;gt;
  (Session info: chrome=132.0.6834.159)
Build info: version: &amp;apos;4.27.0&amp;apos;, revision: &amp;apos;d6e718d134&amp;apos;
System info: os.name: &amp;apos;Windows 11&amp;apos;, os.arch: &amp;apos;amd64&amp;apos;, os.version: &amp;apos;10.0&amp;apos;, java.version: &amp;apos;23.0.1&amp;apos;
Driver info: org.openqa.selenium.chrome.ChromeDriver
Command: [7a5877ecb046a55d47617a346c3d1c5d, clickElement {id=f.CE34EBD376F981EFE99F5B60C496C5EA.d.6996B481B30273862E27DFD5CB522AAA.e.166}]
Capabilities {acceptInsecureCerts: false, browserName: chrome, browserVersion: 132.0.6834.159, chrome: {chromedriverVersion: 132.0.6834.159 (2d77d3fc445..., userDataDir: C:\Users\VAISHN~1.T\AppData...}, fedcm:accounts: true, goog:chromeOptions: {debuggerAddress: localhost:65195}, networkConnectionEnabled: false, pageLoadStrategy: normal, platformName: windows, proxy: Proxy(), se:cdp: ws://localhost:65195/devtoo..., se:cdpVersion: 132.0.6834.159, setWindowRect: true, strictFileInteractability: false, timeouts: {implicit: 0, pageLoad: 300000, script: 30000}, unhandledPromptBehavior: dismiss and notify, webauthn:extension:credBlob: true, webauthn:extension:largeBlob: true, webauthn:extension:minPinLength: true, webauthn:extension:prf: true, webauthn:virtualAuthenticators: true}
Element: [[ChromeDriver: chrome on windows (7a5877ecb046a55d47617a346c3d1c5d)] -&amp;gt; xpath: (//button[text()=&amp;apos; No &amp;apos;])[2]]
Session ID: 7a5877ecb046a55d47617a346c3d1c5d">
      <![CDATA[org.openqa.selenium.ElementClickInterceptedException: element click intercepted: Element <button _ngcontent-ng-c2530581994="" data-dismiss="modal" class="btn outLineBtn btn-block">...</button> is not clickable at point (522, 300). Other element would receive the click: <div _ngcontent-ng-c2530581994="" class="modal-body modal-bodyBox text-center">...</div>
  (Session info: chrome=132.0.6834.159)
Build info: version: '4.27.0', revision: 'd6e718d134'
System info: os.name: 'Windows 11', os.arch: 'amd64', os.version: '10.0', java.version: '23.0.1'
Driver info: org.openqa.selenium.chrome.ChromeDriver
Command: [7a5877ecb046a55d47617a346c3d1c5d, clickElement {id=f.CE34EBD376F981EFE99F5B60C496C5EA.d.6996B481B30273862E27DFD5CB522AAA.e.166}]
Capabilities {acceptInsecureCerts: false, browserName: chrome, browserVersion: 132.0.6834.159, chrome: {chromedriverVersion: 132.0.6834.159 (2d77d3fc445..., userDataDir: C:\Users\VAISHN~1.T\AppData...}, fedcm:accounts: true, goog:chromeOptions: {debuggerAddress: localhost:65195}, networkConnectionEnabled: false, pageLoadStrategy: normal, platformName: windows, proxy: Proxy(), se:cdp: ws://localhost:65195/devtoo..., se:cdpVersion: 132.0.6834.159, setWindowRect: true, strictFileInteractability: false, timeouts: {implicit: 0, pageLoad: 300000, script: 30000}, unhandledPromptBehavior: dismiss and notify, webauthn:extension:credBlob: true, webauthn:extension:largeBlob: true, webauthn:extension:minPinLength: true, webauthn:extension:prf: true, webauthn:virtualAuthenticators: true}
Element: [[ChromeDriver: chrome on windows (7a5877ecb046a55d47617a346c3d1c5d)] -> xpath: (//button[text()=' No '])[2]]
Session ID: 7a5877ecb046a55d47617a346c3d1c5d
at org.openqa.selenium.remote.ErrorCodec.decode(ErrorCodec.java:167)
at org.openqa.selenium.remote.codec.w3c.W3CHttpResponseCodec.decode(W3CHttpResponseCodec.java:138)
at org.openqa.selenium.remote.codec.w3c.W3CHttpResponseCodec.decode(W3CHttpResponseCodec.java:50)
at org.openqa.selenium.remote.HttpCommandExecutor.execute(HttpCommandExecutor.java:190)
at org.openqa.selenium.remote.service.DriverCommandExecutor.invokeExecute(DriverCommandExecutor.java:216)
at org.openqa.selenium.remote.service.DriverCommandExecutor.execute(DriverCommandExecutor.java:174)
at org.openqa.selenium.remote.RemoteWebDriver.execute(RemoteWebDriver.java:545)
at org.openqa.selenium.remote.RemoteWebElement.execute(RemoteWebElement.java:223)
at org.openqa.selenium.remote.RemoteWebElement.click(RemoteWebElement.java:76)
at org.openqa.selenium.support.pagefactory.internal.LocatingElementHandler.invoke(LocatingElementHandler.java:51)
at jdk.proxy2/jdk.proxy2.$Proxy34.click(Unknown Source)
at com.BasicData.BRMSCommonMethods.clickElement(BRMSCommonMethods.java:159)
at com.QAHODorInChargePageObjects.CFTActivity.returnactivity(CFTActivity.java:190)
at com.QAHODorInchargeTestRunner.CFTRevieworReturn.bprcftReturn(CFTRevieworReturn.java:148)
at java.base/java.util.ArrayList.forEach(ArrayList.java:1597)
... Removed 30 stack frames]]>
    </failure>
  </testcase> <!-- bprcftReturn -->
  <testcase classname="com.QAHODorInchargeTestRunner.CFTRevieworReturn" name="bprcftReview" time="0.0">
    <ignored/>
  </testcase> <!-- bprcftReview -->
  <testcase classname="com.QAHODorInchargeTestRunner.CFTRevieworReturn" name="hodcftReturn" time="0.0">
    <ignored/>
  </testcase> <!-- hodcftReturn -->
  <testcase classname="com.QAHODorInchargeTestRunner.CFTRevieworReturn" name="cftReview" time="0.0">
    <ignored/>
  </testcase> <!-- cftReview -->
  <testcase classname="com.QAHODorInchargeTestRunner.CFTRevieworReturn" name="cftReturn" time="0.0">
    <ignored/>
  </testcase> <!-- cftReturn -->
  <testcase classname="com.QAHODorInchargeTestRunner.CFTRevieworReturn" name="hodcftReview" time="0.0">
    <ignored/>
  </testcase> <!-- hodcftReview -->
</testsuite> <!-- bprcftReturn -->
