<?xml version="1.0" encoding="UTF-8"?>
<!-- Generated by org.testng.reporters.JUnitXMLReporter -->
<testsuite ignored="5" hostname="AITHCLT046" failures="1" tests="1" name="DosageFormcreation" time="20.328" errors="0" timestamp="2025-02-03T10:23:18 IST">
  <testcase classname="com.MastersTestRunner.DosageFormTestRunner" name="dosageformcreation" time="11.596">
    <failure type="org.openqa.selenium.ElementClickInterceptedException" message="element click intercepted: Element &amp;lt;input _ngcontent-ng-c1727518634=&amp;quot;&amp;quot; required=&amp;quot;&amp;quot; placeholder=&amp;quot;Password&amp;quot; type=&amp;quot;password&amp;quot; apptrim=&amp;quot;&amp;quot; class=&amp;quot;form-control ng-untouched ng-pristine ng-invalid&amp;quot;&amp;gt; is not clickable at point (640, 309). Other element would receive the click: &amp;lt;input _ngcontent-ng-c1727518634=&amp;quot;&amp;quot; required=&amp;quot;&amp;quot; placeholder=&amp;quot;Password&amp;quot; type=&amp;quot;password&amp;quot; apptrim=&amp;quot;&amp;quot; class=&amp;quot;form-control ng-untouched ng-pristine ng-invalid&amp;quot;&amp;gt;
  (Session info: chrome=132.0.6834.160)
Build info: version: &amp;apos;4.27.0&amp;apos;, revision: &amp;apos;d6e718d134&amp;apos;
System info: os.name: &amp;apos;Windows 11&amp;apos;, os.arch: &amp;apos;amd64&amp;apos;, os.version: &amp;apos;10.0&amp;apos;, java.version: &amp;apos;23.0.1&amp;apos;
Driver info: org.openqa.selenium.chrome.ChromeDriver
Command: [72faa0d4d40853df150273d2404936fb, clickElement {id=f.AAF5007ED4B15A39128490D724F14006.d.8A4D55B8E481B624D3EBA934040C184A.e.57}]
Capabilities {acceptInsecureCerts: false, browserName: chrome, browserVersion: 132.0.6834.160, chrome: {chromedriverVersion: 132.0.6834.159 (2d77d3fc445..., userDataDir: C:\Users\VAISHN~1.T\AppData...}, fedcm:accounts: true, goog:chromeOptions: {debuggerAddress: localhost:51463}, networkConnectionEnabled: false, pageLoadStrategy: normal, platformName: windows, proxy: Proxy(), se:cdp: ws://localhost:51463/devtoo..., se:cdpVersion: 132.0.6834.160, setWindowRect: true, strictFileInteractability: false, timeouts: {implicit: 0, pageLoad: 300000, script: 30000}, unhandledPromptBehavior: dismiss and notify, webauthn:extension:credBlob: true, webauthn:extension:largeBlob: true, webauthn:extension:minPinLength: true, webauthn:extension:prf: true, webauthn:virtualAuthenticators: true}
Element: [[ChromeDriver: chrome on windows (72faa0d4d40853df150273d2404936fb)] -&amp;gt; xpath: (//input[@type=&amp;apos;password&amp;apos;])[1]]
Session ID: 72faa0d4d40853df150273d2404936fb">
      <![CDATA[org.openqa.selenium.ElementClickInterceptedException: element click intercepted: Element <input _ngcontent-ng-c1727518634="" required="" placeholder="Password" type="password" apptrim="" class="form-control ng-untouched ng-pristine ng-invalid"> is not clickable at point (640, 309). Other element would receive the click: <input _ngcontent-ng-c1727518634="" required="" placeholder="Password" type="password" apptrim="" class="form-control ng-untouched ng-pristine ng-invalid">
  (Session info: chrome=132.0.6834.160)
Build info: version: '4.27.0', revision: 'd6e718d134'
System info: os.name: 'Windows 11', os.arch: 'amd64', os.version: '10.0', java.version: '23.0.1'
Driver info: org.openqa.selenium.chrome.ChromeDriver
Command: [72faa0d4d40853df150273d2404936fb, clickElement {id=f.AAF5007ED4B15A39128490D724F14006.d.8A4D55B8E481B624D3EBA934040C184A.e.57}]
Capabilities {acceptInsecureCerts: false, browserName: chrome, browserVersion: 132.0.6834.160, chrome: {chromedriverVersion: 132.0.6834.159 (2d77d3fc445..., userDataDir: C:\Users\VAISHN~1.T\AppData...}, fedcm:accounts: true, goog:chromeOptions: {debuggerAddress: localhost:51463}, networkConnectionEnabled: false, pageLoadStrategy: normal, platformName: windows, proxy: Proxy(), se:cdp: ws://localhost:51463/devtoo..., se:cdpVersion: 132.0.6834.160, setWindowRect: true, strictFileInteractability: false, timeouts: {implicit: 0, pageLoad: 300000, script: 30000}, unhandledPromptBehavior: dismiss and notify, webauthn:extension:credBlob: true, webauthn:extension:largeBlob: true, webauthn:extension:minPinLength: true, webauthn:extension:prf: true, webauthn:virtualAuthenticators: true}
Element: [[ChromeDriver: chrome on windows (72faa0d4d40853df150273d2404936fb)] -> xpath: (//input[@type='password'])[1]]
Session ID: 72faa0d4d40853df150273d2404936fb
at org.openqa.selenium.remote.ErrorCodec.decode(ErrorCodec.java:167)
at org.openqa.selenium.remote.codec.w3c.W3CHttpResponseCodec.decode(W3CHttpResponseCodec.java:138)
at org.openqa.selenium.remote.codec.w3c.W3CHttpResponseCodec.decode(W3CHttpResponseCodec.java:50)
at org.openqa.selenium.remote.HttpCommandExecutor.execute(HttpCommandExecutor.java:190)
at org.openqa.selenium.remote.service.DriverCommandExecutor.invokeExecute(DriverCommandExecutor.java:216)
at org.openqa.selenium.remote.service.DriverCommandExecutor.execute(DriverCommandExecutor.java:174)
at org.openqa.selenium.remote.RemoteWebDriver.execute(RemoteWebDriver.java:545)
at org.openqa.selenium.remote.RemoteWebElement.execute(RemoteWebElement.java:223)
at org.openqa.selenium.remote.RemoteWebElement.click(RemoteWebElement.java:76)
at org.openqa.selenium.support.pagefactory.internal.LocatingElementHandler.invoke(LocatingElementHandler.java:51)
at jdk.proxy2/jdk.proxy2.$Proxy35.click(Unknown Source)
at com.BasicData.BRMSCommonMethods.textbox(BRMSCommonMethods.java:203)
at com.MasterPageObjects.DosageForm.createactivity(DosageForm.java:188)
at com.MastersTestRunner.DosageFormTestRunner.dosageformcreation(DosageFormTestRunner.java:53)
at java.base/java.util.ArrayList.forEach(ArrayList.java:1597)
... Removed 30 stack frames]]>
    </failure>
  </testcase> <!-- dosageformcreation -->
  <testcase classname="com.MastersTestRunner.DosageFormTestRunner" name="dosageformupdate" time="0.0">
    <ignored/>
  </testcase> <!-- dosageformupdate -->
  <testcase classname="com.MastersTestRunner.DosageFormTestRunner" name="dosagecreatewithspace" time="0.0">
    <ignored/>
  </testcase> <!-- dosagecreatewithspace -->
  <testcase classname="com.MastersTestRunner.DosageFormTestRunner" name="dosageupdatewithspace" time="0.0">
    <ignored/>
  </testcase> <!-- dosageupdatewithspace -->
  <testcase classname="com.MastersTestRunner.DosageFormTestRunner" name="existeddosagecreation" time="0.0">
    <ignored/>
  </testcase> <!-- existeddosagecreation -->
  <testcase classname="com.MastersTestRunner.DosageFormTestRunner" name="dosagedisableenable" time="0.0">
    <ignored/>
  </testcase> <!-- dosagedisableenable -->
</testsuite> <!-- DosageFormcreation -->
