<?xml version="1.0" encoding="UTF-8"?>
<!-- Generated by org.testng.reporters.JUnitXMLReporter -->
<testsuite ignored="5" hostname="AILT-100247" failures="1" tests="1" name="ExistedDosageFormcreation" time="81.075" errors="0" timestamp="2024-12-16T14:52:08 IST">
  <testcase classname="com.MastersTestRunner.DosageFormTestRunner" name="existeddosagecreation" time="73.646">
    <failure type="org.openqa.selenium.ElementNotInteractableException" message="element not interactable
  (Session info: chrome=131.0.6778.140)
Build info: version: &amp;apos;4.17.0&amp;apos;, revision: &amp;apos;e52b1be057*&amp;apos;
System info: os.name: &amp;apos;Windows 10&amp;apos;, os.arch: &amp;apos;amd64&amp;apos;, os.version: &amp;apos;10.0&amp;apos;, java.version: &amp;apos;14.0.2&amp;apos;
Driver info: org.openqa.selenium.chrome.ChromeDriver
Command: [0d8c9be90c7fa070f418d3370044c638, clickElement {id=f.B1DA04A80DDEA13C83FF317FAC1ACF11.d.34403E57BC7E8845A8C5CAC5A80D4FC4.e.118}]
Capabilities {acceptInsecureCerts: false, browserName: chrome, browserVersion: 131.0.6778.140, chrome: {chromedriverVersion: 131.0.6778.108 (3b014839fbc..., userDataDir: C:\Users\VAISHN~1.T\AppData...}, fedcm:accounts: true, goog:chromeOptions: {debuggerAddress: localhost:62767}, networkConnectionEnabled: false, pageLoadStrategy: normal, platformName: windows, proxy: Proxy(), se:cdp: ws://localhost:62767/devtoo..., se:cdpVersion: 131.0.6778.140, setWindowRect: true, strictFileInteractability: false, timeouts: {implicit: 0, pageLoad: 300000, script: 30000}, unhandledPromptBehavior: dismiss and notify, webauthn:extension:credBlob: true, webauthn:extension:largeBlob: true, webauthn:extension:minPinLength: true, webauthn:extension:prf: true, webauthn:virtualAuthenticators: true}
Element: [[ChromeDriver: chrome on windows (0d8c9be90c7fa070f418d3370044c638)] -&amp;gt; xpath: (//button[text()=&amp;apos;No&amp;apos;])[2]]
Session ID: 0d8c9be90c7fa070f418d3370044c638">
      <![CDATA[org.openqa.selenium.ElementNotInteractableException: element not interactable
  (Session info: chrome=131.0.6778.140)
Build info: version: '4.17.0', revision: 'e52b1be057*'
System info: os.name: 'Windows 10', os.arch: 'amd64', os.version: '10.0', java.version: '14.0.2'
Driver info: org.openqa.selenium.chrome.ChromeDriver
Command: [0d8c9be90c7fa070f418d3370044c638, clickElement {id=f.B1DA04A80DDEA13C83FF317FAC1ACF11.d.34403E57BC7E8845A8C5CAC5A80D4FC4.e.118}]
Capabilities {acceptInsecureCerts: false, browserName: chrome, browserVersion: 131.0.6778.140, chrome: {chromedriverVersion: 131.0.6778.108 (3b014839fbc..., userDataDir: C:\Users\VAISHN~1.T\AppData...}, fedcm:accounts: true, goog:chromeOptions: {debuggerAddress: localhost:62767}, networkConnectionEnabled: false, pageLoadStrategy: normal, platformName: windows, proxy: Proxy(), se:cdp: ws://localhost:62767/devtoo..., se:cdpVersion: 131.0.6778.140, setWindowRect: true, strictFileInteractability: false, timeouts: {implicit: 0, pageLoad: 300000, script: 30000}, unhandledPromptBehavior: dismiss and notify, webauthn:extension:credBlob: true, webauthn:extension:largeBlob: true, webauthn:extension:minPinLength: true, webauthn:extension:prf: true, webauthn:virtualAuthenticators: true}
Element: [[ChromeDriver: chrome on windows (0d8c9be90c7fa070f418d3370044c638)] -> xpath: (//button[text()='No'])[2]]
Session ID: 0d8c9be90c7fa070f418d3370044c638
at org.openqa.selenium.remote.codec.w3c.W3CHttpResponseCodec.createException(W3CHttpResponseCodec.java:185)
at org.openqa.selenium.remote.codec.w3c.W3CHttpResponseCodec.decode(W3CHttpResponseCodec.java:134)
at org.openqa.selenium.remote.codec.w3c.W3CHttpResponseCodec.decode(W3CHttpResponseCodec.java:51)
at org.openqa.selenium.remote.HttpCommandExecutor.execute(HttpCommandExecutor.java:190)
at org.openqa.selenium.remote.service.DriverCommandExecutor.invokeExecute(DriverCommandExecutor.java:216)
at org.openqa.selenium.remote.service.DriverCommandExecutor.execute(DriverCommandExecutor.java:174)
at org.openqa.selenium.remote.RemoteWebDriver.execute(RemoteWebDriver.java:519)
at org.openqa.selenium.remote.RemoteWebElement.execute(RemoteWebElement.java:223)
at org.openqa.selenium.remote.RemoteWebElement.click(RemoteWebElement.java:76)
at org.openqa.selenium.support.pagefactory.internal.LocatingElementHandler.invoke(LocatingElementHandler.java:51)
at com.sun.proxy.$Proxy19.click(Unknown Source)
at com.BasicData.BRMSCommonMethods.clickElement(BRMSCommonMethods.java:145)
at com.MasterPageObjects.DosageForm.createactivity(DosageForm.java:185)
at com.MastersTestRunner.DosageFormTestRunner.existeddosagecreation(DosageFormTestRunner.java:43)
at java.base/java.util.ArrayList.forEach(ArrayList.java:1511)
... Removed 35 stack frames]]>
    </failure>
  </testcase> <!-- existeddosagecreation -->
  <testcase classname="com.MastersTestRunner.DosageFormTestRunner" name="dosagecreatewithspace" time="0.0">
    <ignored/>
  </testcase> <!-- dosagecreatewithspace -->
  <testcase classname="com.MastersTestRunner.DosageFormTestRunner" name="dosageformupdate" time="0.0">
    <ignored/>
  </testcase> <!-- dosageformupdate -->
  <testcase classname="com.MastersTestRunner.DosageFormTestRunner" name="dosagedisableenable" time="0.0">
    <ignored/>
  </testcase> <!-- dosagedisableenable -->
  <testcase classname="com.MastersTestRunner.DosageFormTestRunner" name="dosageformcreation" time="0.0">
    <ignored/>
  </testcase> <!-- dosageformcreation -->
  <testcase classname="com.MastersTestRunner.DosageFormTestRunner" name="dosageupdatewithspace" time="0.0">
    <ignored/>
  </testcase> <!-- dosageupdatewithspace -->
</testsuite> <!-- ExistedDosageFormcreation -->
