<?xml version="1.0" encoding="UTF-8"?>
<!-- Generated by org.testng.reporters.JUnitXMLReporter -->
<testsuite ignored="1" hostname="AITHCLT046" failures="1" tests="1" name="formatLogReInitiation" time="13.328" errors="0" timestamp="2025-04-03T10:44:46 IST">
  <testcase classname="com.QAOfficerTestRunner.FormatLogInitiationTestRunner" name="formatLogReInitiation" time="7.741">
    <failure type="org.openqa.selenium.ElementClickInterceptedException" message="element click intercepted: Element &amp;lt;a _ngcontent-ng-c1611330888=&amp;quot;&amp;quot; class=&amp;quot;flex-item ng-star-inserted&amp;quot;&amp;gt;...&amp;lt;/a&amp;gt; is not clickable at point (780, 247). Other element would receive the click: &amp;lt;div _ngcontent-ng-c1611330888=&amp;quot;&amp;quot; class=&amp;quot;row flex-div mt-4&amp;quot;&amp;gt;...&amp;lt;/div&amp;gt;
  (Session info: chrome=134.0.6998.179)
Build info: version: &amp;apos;4.27.0&amp;apos;, revision: &amp;apos;d6e718d134&amp;apos;
System info: os.name: &amp;apos;Windows 11&amp;apos;, os.arch: &amp;apos;amd64&amp;apos;, os.version: &amp;apos;10.0&amp;apos;, java.version: &amp;apos;23.0.1&amp;apos;
Driver info: org.openqa.selenium.chrome.ChromeDriver
Command: [462e72701ed856b5bb406ba7e1cd6e38, clickElement {id=f.FB851520479592FC18FA3C3F0BC0C319.d.BFD0D208C39F3C2B21A65E93254CC80E.e.46}]
Capabilities {acceptInsecureCerts: false, browserName: chrome, browserVersion: 134.0.6998.179, chrome: {chromedriverVersion: 134.0.6998.165 (fd886e2cb29..., userDataDir: C:\Users\VAISHN~1.T\AppData...}, fedcm:accounts: true, goog:chromeOptions: {debuggerAddress: localhost:63224}, networkConnectionEnabled: false, pageLoadStrategy: normal, platformName: windows, proxy: Proxy(), se:cdp: ws://localhost:63224/devtoo..., se:cdpVersion: 134.0.6998.179, setWindowRect: true, strictFileInteractability: false, timeouts: {implicit: 0, pageLoad: 300000, script: 30000}, unhandledPromptBehavior: dismiss and notify, webauthn:extension:credBlob: true, webauthn:extension:largeBlob: true, webauthn:extension:minPinLength: true, webauthn:extension:prf: true, webauthn:virtualAuthenticators: true}
Element: [[ChromeDriver: chrome on windows (462e72701ed856b5bb406ba7e1cd6e38)] -&amp;gt; xpath: (//a[@class=&amp;apos;flex-item ng-star-inserted&amp;apos;])[2]]
Session ID: 462e72701ed856b5bb406ba7e1cd6e38">
      <![CDATA[org.openqa.selenium.ElementClickInterceptedException: element click intercepted: Element <a _ngcontent-ng-c1611330888="" class="flex-item ng-star-inserted">...</a> is not clickable at point (780, 247). Other element would receive the click: <div _ngcontent-ng-c1611330888="" class="row flex-div mt-4">...</div>
  (Session info: chrome=134.0.6998.179)
Build info: version: '4.27.0', revision: 'd6e718d134'
System info: os.name: 'Windows 11', os.arch: 'amd64', os.version: '10.0', java.version: '23.0.1'
Driver info: org.openqa.selenium.chrome.ChromeDriver
Command: [462e72701ed856b5bb406ba7e1cd6e38, clickElement {id=f.FB851520479592FC18FA3C3F0BC0C319.d.BFD0D208C39F3C2B21A65E93254CC80E.e.46}]
Capabilities {acceptInsecureCerts: false, browserName: chrome, browserVersion: 134.0.6998.179, chrome: {chromedriverVersion: 134.0.6998.165 (fd886e2cb29..., userDataDir: C:\Users\VAISHN~1.T\AppData...}, fedcm:accounts: true, goog:chromeOptions: {debuggerAddress: localhost:63224}, networkConnectionEnabled: false, pageLoadStrategy: normal, platformName: windows, proxy: Proxy(), se:cdp: ws://localhost:63224/devtoo..., se:cdpVersion: 134.0.6998.179, setWindowRect: true, strictFileInteractability: false, timeouts: {implicit: 0, pageLoad: 300000, script: 30000}, unhandledPromptBehavior: dismiss and notify, webauthn:extension:credBlob: true, webauthn:extension:largeBlob: true, webauthn:extension:minPinLength: true, webauthn:extension:prf: true, webauthn:virtualAuthenticators: true}
Element: [[ChromeDriver: chrome on windows (462e72701ed856b5bb406ba7e1cd6e38)] -> xpath: (//a[@class='flex-item ng-star-inserted'])[2]]
Session ID: 462e72701ed856b5bb406ba7e1cd6e38
at org.openqa.selenium.remote.ErrorCodec.decode(ErrorCodec.java:167)
at org.openqa.selenium.remote.codec.w3c.W3CHttpResponseCodec.decode(W3CHttpResponseCodec.java:138)
at org.openqa.selenium.remote.codec.w3c.W3CHttpResponseCodec.decode(W3CHttpResponseCodec.java:50)
at org.openqa.selenium.remote.HttpCommandExecutor.execute(HttpCommandExecutor.java:190)
at org.openqa.selenium.remote.service.DriverCommandExecutor.invokeExecute(DriverCommandExecutor.java:216)
at org.openqa.selenium.remote.service.DriverCommandExecutor.execute(DriverCommandExecutor.java:174)
at org.openqa.selenium.remote.RemoteWebDriver.execute(RemoteWebDriver.java:545)
at org.openqa.selenium.remote.RemoteWebElement.execute(RemoteWebElement.java:223)
at org.openqa.selenium.remote.RemoteWebElement.click(RemoteWebElement.java:76)
at org.openqa.selenium.support.pagefactory.internal.LocatingElementHandler.invoke(LocatingElementHandler.java:51)
at jdk.proxy2/jdk.proxy2.$Proxy19.click(Unknown Source)
at com.BasicData.BRMSCommonMethods.clickElement(BRMSCommonMethods.java:202)
at com.QAOfficerPageObjects.FormatLogInitiation.formatlogReInitiation(FormatLogInitiation.java:201)
at com.QAOfficerTestRunner.FormatLogInitiationTestRunner.formatLogReInitiation(FormatLogInitiationTestRunner.java:78)
at java.base/java.util.ArrayList.forEach(ArrayList.java:1597)
... Removed 30 stack frames]]>
    </failure>
  </testcase> <!-- formatLogReInitiation -->
  <testcase classname="com.QAOfficerTestRunner.FormatLogInitiationTestRunner" name="formatLogInitiation" time="0.0">
    <ignored/>
  </testcase> <!-- formatLogInitiation -->
</testsuite> <!-- formatLogReInitiation -->
