<?xml version="1.0" encoding="UTF-8"?>
<!-- Generated by org.testng.reporters.JUnitXMLReporter -->
<testsuite ignored="1" hostname="AITHCLT046" failures="1" tests="1" name="formatLogInitiation" time="63.49" errors="0" timestamp="2025-04-03T10:51:08 IST">
  <testcase classname="com.QAOfficerTestRunner.FormatLogInitiationTestRunner" name="formatLogInitiation" time="55.824">
    <failure type="org.openqa.selenium.ElementClickInterceptedException" message="element click intercepted: Element &amp;lt;input _ngcontent-ng-c1727518634=&amp;quot;&amp;quot; required=&amp;quot;&amp;quot; placeholder=&amp;quot;Password&amp;quot; type=&amp;quot;password&amp;quot; apptrim=&amp;quot;&amp;quot; class=&amp;quot;form-control ng-untouched ng-pristine ng-invalid&amp;quot;&amp;gt; is not clickable at point (640, 319). Other element would receive the click: &amp;lt;modal-container role=&amp;quot;dialog&amp;quot; tabindex=&amp;quot;-1&amp;quot; class=&amp;quot;modal fade show&amp;quot; aria-modal=&amp;quot;true&amp;quot; style=&amp;quot;display: block;&amp;quot;&amp;gt;...&amp;lt;/modal-container&amp;gt;
  (Session info: chrome=134.0.6998.179)
Build info: version: &amp;apos;4.27.0&amp;apos;, revision: &amp;apos;d6e718d134&amp;apos;
System info: os.name: &amp;apos;Windows 11&amp;apos;, os.arch: &amp;apos;amd64&amp;apos;, os.version: &amp;apos;10.0&amp;apos;, java.version: &amp;apos;23.0.1&amp;apos;
Driver info: org.openqa.selenium.chrome.ChromeDriver
Command: [0641d47f9c444572a0e6404b1ce0d318, clickElement {id=f.0ABDAF37D8CBD3C26373858CAC5AE715.d.E5809644FAFEC57365D8467D67A54EEC.e.94}]
Capabilities {acceptInsecureCerts: false, browserName: chrome, browserVersion: 134.0.6998.179, chrome: {chromedriverVersion: 134.0.6998.165 (fd886e2cb29..., userDataDir: C:\Users\VAISHN~1.T\AppData...}, fedcm:accounts: true, goog:chromeOptions: {debuggerAddress: localhost:63524}, networkConnectionEnabled: false, pageLoadStrategy: normal, platformName: windows, proxy: Proxy(), se:cdp: ws://localhost:63524/devtoo..., se:cdpVersion: 134.0.6998.179, setWindowRect: true, strictFileInteractability: false, timeouts: {implicit: 0, pageLoad: 300000, script: 30000}, unhandledPromptBehavior: dismiss and notify, webauthn:extension:credBlob: true, webauthn:extension:largeBlob: true, webauthn:extension:minPinLength: true, webauthn:extension:prf: true, webauthn:virtualAuthenticators: true}
Element: [[ChromeDriver: chrome on windows (0641d47f9c444572a0e6404b1ce0d318)] -&amp;gt; xpath: (//input[@type=&amp;apos;password&amp;apos;])[1]]
Session ID: 0641d47f9c444572a0e6404b1ce0d318">
      <![CDATA[org.openqa.selenium.ElementClickInterceptedException: element click intercepted: Element <input _ngcontent-ng-c1727518634="" required="" placeholder="Password" type="password" apptrim="" class="form-control ng-untouched ng-pristine ng-invalid"> is not clickable at point (640, 319). Other element would receive the click: <modal-container role="dialog" tabindex="-1" class="modal fade show" aria-modal="true" style="display: block;">...</modal-container>
  (Session info: chrome=134.0.6998.179)
Build info: version: '4.27.0', revision: 'd6e718d134'
System info: os.name: 'Windows 11', os.arch: 'amd64', os.version: '10.0', java.version: '23.0.1'
Driver info: org.openqa.selenium.chrome.ChromeDriver
Command: [0641d47f9c444572a0e6404b1ce0d318, clickElement {id=f.0ABDAF37D8CBD3C26373858CAC5AE715.d.E5809644FAFEC57365D8467D67A54EEC.e.94}]
Capabilities {acceptInsecureCerts: false, browserName: chrome, browserVersion: 134.0.6998.179, chrome: {chromedriverVersion: 134.0.6998.165 (fd886e2cb29..., userDataDir: C:\Users\VAISHN~1.T\AppData...}, fedcm:accounts: true, goog:chromeOptions: {debuggerAddress: localhost:63524}, networkConnectionEnabled: false, pageLoadStrategy: normal, platformName: windows, proxy: Proxy(), se:cdp: ws://localhost:63524/devtoo..., se:cdpVersion: 134.0.6998.179, setWindowRect: true, strictFileInteractability: false, timeouts: {implicit: 0, pageLoad: 300000, script: 30000}, unhandledPromptBehavior: dismiss and notify, webauthn:extension:credBlob: true, webauthn:extension:largeBlob: true, webauthn:extension:minPinLength: true, webauthn:extension:prf: true, webauthn:virtualAuthenticators: true}
Element: [[ChromeDriver: chrome on windows (0641d47f9c444572a0e6404b1ce0d318)] -> xpath: (//input[@type='password'])[1]]
Session ID: 0641d47f9c444572a0e6404b1ce0d318
at org.openqa.selenium.remote.ErrorCodec.decode(ErrorCodec.java:167)
at org.openqa.selenium.remote.codec.w3c.W3CHttpResponseCodec.decode(W3CHttpResponseCodec.java:138)
at org.openqa.selenium.remote.codec.w3c.W3CHttpResponseCodec.decode(W3CHttpResponseCodec.java:50)
at org.openqa.selenium.remote.HttpCommandExecutor.execute(HttpCommandExecutor.java:190)
at org.openqa.selenium.remote.service.DriverCommandExecutor.invokeExecute(DriverCommandExecutor.java:216)
at org.openqa.selenium.remote.service.DriverCommandExecutor.execute(DriverCommandExecutor.java:174)
at org.openqa.selenium.remote.RemoteWebDriver.execute(RemoteWebDriver.java:545)
at org.openqa.selenium.remote.RemoteWebElement.execute(RemoteWebElement.java:223)
at org.openqa.selenium.remote.RemoteWebElement.click(RemoteWebElement.java:76)
at org.openqa.selenium.support.pagefactory.internal.LocatingElementHandler.invoke(LocatingElementHandler.java:51)
at jdk.proxy2/jdk.proxy2.$Proxy19.click(Unknown Source)
at com.BasicData.BRMSCommonMethods.textbox(BRMSCommonMethods.java:317)
at com.QAOfficerPageObjects.FormatLogInitiation.submitactivity(FormatLogInitiation.java:221)
at com.QAOfficerTestRunner.FormatLogInitiationTestRunner.formatLogInitiation(FormatLogInitiationTestRunner.java:52)
at java.base/java.util.ArrayList.forEach(ArrayList.java:1597)
... Removed 30 stack frames]]>
    </failure>
  </testcase> <!-- formatLogInitiation -->
  <testcase classname="com.QAOfficerTestRunner.FormatLogInitiationTestRunner" name="formatLogReInitiation" time="0.0">
    <ignored/>
  </testcase> <!-- formatLogReInitiation -->
</testsuite> <!-- formatLogInitiation -->
