<?xml version="1.0" encoding="UTF-8"?>
<!-- Generated by org.testng.reporters.JUnitXMLReporter -->
<testsuite ignored="5" hostname="AILT-100247" failures="1" tests="1" name="ModeofPackingCreation" time="96.38" errors="0" timestamp="2024-12-16T15:10:39 IST">
  <testcase classname="com.MastersTestRunner.ModeofPackingTestRunner" name="mopcreation" time="82.972">
    <failure type="org.openqa.selenium.ElementNotInteractableException" message="element not interactable
  (Session info: chrome=131.0.6778.140)
Build info: version: &amp;apos;4.17.0&amp;apos;, revision: &amp;apos;e52b1be057*&amp;apos;
System info: os.name: &amp;apos;Windows 10&amp;apos;, os.arch: &amp;apos;amd64&amp;apos;, os.version: &amp;apos;10.0&amp;apos;, java.version: &amp;apos;14.0.2&amp;apos;
Driver info: org.openqa.selenium.chrome.ChromeDriver
Command: [13189e3b337a93241a0a5c03d1522bad, clickElement {id=f.70173767820C5D12BB093D9142B2C03F.d.32C72CA80B53706404065A276F995C74.e.29}]
Capabilities {acceptInsecureCerts: false, browserName: chrome, browserVersion: 131.0.6778.140, chrome: {chromedriverVersion: 131.0.6778.108 (3b014839fbc..., userDataDir: C:\Users\VAISHN~1.T\AppData...}, fedcm:accounts: true, goog:chromeOptions: {debuggerAddress: localhost:59774}, networkConnectionEnabled: false, pageLoadStrategy: normal, platformName: windows, proxy: Proxy(), se:cdp: ws://localhost:59774/devtoo..., se:cdpVersion: 131.0.6778.140, setWindowRect: true, strictFileInteractability: false, timeouts: {implicit: 0, pageLoad: 300000, script: 30000}, unhandledPromptBehavior: dismiss and notify, webauthn:extension:credBlob: true, webauthn:extension:largeBlob: true, webauthn:extension:minPinLength: true, webauthn:extension:prf: true, webauthn:virtualAuthenticators: true}
Element: [[ChromeDriver: chrome on windows (13189e3b337a93241a0a5c03d1522bad)] -&amp;gt; xpath: (//input[@type=&amp;apos;password&amp;apos;])[1]]
Session ID: 13189e3b337a93241a0a5c03d1522bad">
      <![CDATA[org.openqa.selenium.ElementNotInteractableException: element not interactable
  (Session info: chrome=131.0.6778.140)
Build info: version: '4.17.0', revision: 'e52b1be057*'
System info: os.name: 'Windows 10', os.arch: 'amd64', os.version: '10.0', java.version: '14.0.2'
Driver info: org.openqa.selenium.chrome.ChromeDriver
Command: [13189e3b337a93241a0a5c03d1522bad, clickElement {id=f.70173767820C5D12BB093D9142B2C03F.d.32C72CA80B53706404065A276F995C74.e.29}]
Capabilities {acceptInsecureCerts: false, browserName: chrome, browserVersion: 131.0.6778.140, chrome: {chromedriverVersion: 131.0.6778.108 (3b014839fbc..., userDataDir: C:\Users\VAISHN~1.T\AppData...}, fedcm:accounts: true, goog:chromeOptions: {debuggerAddress: localhost:59774}, networkConnectionEnabled: false, pageLoadStrategy: normal, platformName: windows, proxy: Proxy(), se:cdp: ws://localhost:59774/devtoo..., se:cdpVersion: 131.0.6778.140, setWindowRect: true, strictFileInteractability: false, timeouts: {implicit: 0, pageLoad: 300000, script: 30000}, unhandledPromptBehavior: dismiss and notify, webauthn:extension:credBlob: true, webauthn:extension:largeBlob: true, webauthn:extension:minPinLength: true, webauthn:extension:prf: true, webauthn:virtualAuthenticators: true}
Element: [[ChromeDriver: chrome on windows (13189e3b337a93241a0a5c03d1522bad)] -> xpath: (//input[@type='password'])[1]]
Session ID: 13189e3b337a93241a0a5c03d1522bad
at org.openqa.selenium.remote.codec.w3c.W3CHttpResponseCodec.createException(W3CHttpResponseCodec.java:185)
at org.openqa.selenium.remote.codec.w3c.W3CHttpResponseCodec.decode(W3CHttpResponseCodec.java:134)
at org.openqa.selenium.remote.codec.w3c.W3CHttpResponseCodec.decode(W3CHttpResponseCodec.java:51)
at org.openqa.selenium.remote.HttpCommandExecutor.execute(HttpCommandExecutor.java:190)
at org.openqa.selenium.remote.service.DriverCommandExecutor.invokeExecute(DriverCommandExecutor.java:216)
at org.openqa.selenium.remote.service.DriverCommandExecutor.execute(DriverCommandExecutor.java:174)
at org.openqa.selenium.remote.RemoteWebDriver.execute(RemoteWebDriver.java:519)
at org.openqa.selenium.remote.RemoteWebElement.execute(RemoteWebElement.java:223)
at org.openqa.selenium.remote.RemoteWebElement.click(RemoteWebElement.java:76)
at org.openqa.selenium.support.pagefactory.internal.LocatingElementHandler.invoke(LocatingElementHandler.java:51)
at com.sun.proxy.$Proxy19.click(Unknown Source)
at com.BasicData.BRMSCommonMethods.textbox(BRMSCommonMethods.java:189)
at com.MasterPageObjects.ModeofPacking.createactivity(ModeofPacking.java:181)
at com.MastersTestRunner.ModeofPackingTestRunner.mopcreation(ModeofPackingTestRunner.java:23)
at java.base/java.util.ArrayList.forEach(ArrayList.java:1511)
... Removed 35 stack frames]]>
    </failure>
  </testcase> <!-- mopcreation -->
  <testcase classname="com.MastersTestRunner.ModeofPackingTestRunner" name="existedmopcreation" time="0.0">
    <ignored/>
  </testcase> <!-- existedmopcreation -->
  <testcase classname="com.MastersTestRunner.ModeofPackingTestRunner" name="addmopinedit" time="0.0">
    <ignored/>
  </testcase> <!-- addmopinedit -->
  <testcase classname="com.MastersTestRunner.ModeofPackingTestRunner" name="mopdisableenable" time="0.0">
    <ignored/>
  </testcase> <!-- mopdisableenable -->
  <testcase classname="com.MastersTestRunner.ModeofPackingTestRunner" name="existedmopcreation1" time="0.0">
    <ignored/>
  </testcase> <!-- existedmopcreation1 -->
  <testcase classname="com.MastersTestRunner.ModeofPackingTestRunner" name="mopupdate" time="0.0">
    <ignored/>
  </testcase> <!-- mopupdate -->
</testsuite> <!-- ModeofPackingCreation -->
