<?xml version="1.0" encoding="UTF-8"?>
<!-- Generated by org.testng.reporters.JUnitXMLReporter -->
<testsuite ignored="5" hostname="AILT-100247" failures="1" tests="1" name="StrengthUpdate" time="83.699" errors="0" timestamp="2024-12-16T15:24:15 IST">
  <testcase classname="com.MastersTestRunner.StrengthTestRunner" name="strengthupdate" time="76.138">
    <failure type="org.openqa.selenium.ElementNotInteractableException" message="element not interactable
  (Session info: chrome=131.0.6778.140)
Build info: version: &amp;apos;4.17.0&amp;apos;, revision: &amp;apos;e52b1be057*&amp;apos;
System info: os.name: &amp;apos;Windows 10&amp;apos;, os.arch: &amp;apos;amd64&amp;apos;, os.version: &amp;apos;10.0&amp;apos;, java.version: &amp;apos;14.0.2&amp;apos;
Driver info: org.openqa.selenium.chrome.ChromeDriver
Command: [ebe8d8d56181a47801548977f4c294cc, clickElement {id=f.13D266B13BD510F1D6CCD9EAEEE176A1.d.783A0419552F1D3473CB502937499133.e.30}]
Capabilities {acceptInsecureCerts: false, browserName: chrome, browserVersion: 131.0.6778.140, chrome: {chromedriverVersion: 131.0.6778.108 (3b014839fbc..., userDataDir: C:\Users\VAISHN~1.T\AppData...}, fedcm:accounts: true, goog:chromeOptions: {debuggerAddress: localhost:50073}, networkConnectionEnabled: false, pageLoadStrategy: normal, platformName: windows, proxy: Proxy(), se:cdp: ws://localhost:50073/devtoo..., se:cdpVersion: 131.0.6778.140, setWindowRect: true, strictFileInteractability: false, timeouts: {implicit: 0, pageLoad: 300000, script: 30000}, unhandledPromptBehavior: dismiss and notify, webauthn:extension:credBlob: true, webauthn:extension:largeBlob: true, webauthn:extension:minPinLength: true, webauthn:extension:prf: true, webauthn:virtualAuthenticators: true}
Element: [[ChromeDriver: chrome on windows (ebe8d8d56181a47801548977f4c294cc)] -&amp;gt; xpath: (//input[@type=&amp;apos;password&amp;apos;])[1]]
Session ID: ebe8d8d56181a47801548977f4c294cc">
      <![CDATA[org.openqa.selenium.ElementNotInteractableException: element not interactable
  (Session info: chrome=131.0.6778.140)
Build info: version: '4.17.0', revision: 'e52b1be057*'
System info: os.name: 'Windows 10', os.arch: 'amd64', os.version: '10.0', java.version: '14.0.2'
Driver info: org.openqa.selenium.chrome.ChromeDriver
Command: [ebe8d8d56181a47801548977f4c294cc, clickElement {id=f.13D266B13BD510F1D6CCD9EAEEE176A1.d.783A0419552F1D3473CB502937499133.e.30}]
Capabilities {acceptInsecureCerts: false, browserName: chrome, browserVersion: 131.0.6778.140, chrome: {chromedriverVersion: 131.0.6778.108 (3b014839fbc..., userDataDir: C:\Users\VAISHN~1.T\AppData...}, fedcm:accounts: true, goog:chromeOptions: {debuggerAddress: localhost:50073}, networkConnectionEnabled: false, pageLoadStrategy: normal, platformName: windows, proxy: Proxy(), se:cdp: ws://localhost:50073/devtoo..., se:cdpVersion: 131.0.6778.140, setWindowRect: true, strictFileInteractability: false, timeouts: {implicit: 0, pageLoad: 300000, script: 30000}, unhandledPromptBehavior: dismiss and notify, webauthn:extension:credBlob: true, webauthn:extension:largeBlob: true, webauthn:extension:minPinLength: true, webauthn:extension:prf: true, webauthn:virtualAuthenticators: true}
Element: [[ChromeDriver: chrome on windows (ebe8d8d56181a47801548977f4c294cc)] -> xpath: (//input[@type='password'])[1]]
Session ID: ebe8d8d56181a47801548977f4c294cc
at org.openqa.selenium.remote.codec.w3c.W3CHttpResponseCodec.createException(W3CHttpResponseCodec.java:185)
at org.openqa.selenium.remote.codec.w3c.W3CHttpResponseCodec.decode(W3CHttpResponseCodec.java:134)
at org.openqa.selenium.remote.codec.w3c.W3CHttpResponseCodec.decode(W3CHttpResponseCodec.java:51)
at org.openqa.selenium.remote.HttpCommandExecutor.execute(HttpCommandExecutor.java:190)
at org.openqa.selenium.remote.service.DriverCommandExecutor.invokeExecute(DriverCommandExecutor.java:216)
at org.openqa.selenium.remote.service.DriverCommandExecutor.execute(DriverCommandExecutor.java:174)
at org.openqa.selenium.remote.RemoteWebDriver.execute(RemoteWebDriver.java:519)
at org.openqa.selenium.remote.RemoteWebElement.execute(RemoteWebElement.java:223)
at org.openqa.selenium.remote.RemoteWebElement.click(RemoteWebElement.java:76)
at org.openqa.selenium.support.pagefactory.internal.LocatingElementHandler.invoke(LocatingElementHandler.java:51)
at com.sun.proxy.$Proxy19.click(Unknown Source)
at com.BasicData.BRMSCommonMethods.textbox(BRMSCommonMethods.java:189)
at com.MasterPageObjects.Strength.updateactivity(Strength.java:167)
at com.MastersTestRunner.StrengthTestRunner.strengthupdate(StrengthTestRunner.java:56)
at java.base/java.util.ArrayList.forEach(ArrayList.java:1511)
... Removed 35 stack frames]]>
    </failure>
  </testcase> <!-- strengthupdate -->
  <testcase classname="com.MastersTestRunner.StrengthTestRunner" name="strengthdisableenable" time="0.0">
    <ignored/>
  </testcase> <!-- strengthdisableenable -->
  <testcase classname="com.MastersTestRunner.StrengthTestRunner" name="strengthcreatewithspace" time="0.0">
    <ignored/>
  </testcase> <!-- strengthcreatewithspace -->
  <testcase classname="com.MastersTestRunner.StrengthTestRunner" name="existedstrengthcreation" time="0.0">
    <ignored/>
  </testcase> <!-- existedstrengthcreation -->
  <testcase classname="com.MastersTestRunner.StrengthTestRunner" name="strengthcreation" time="0.0">
    <ignored/>
  </testcase> <!-- strengthcreation -->
  <testcase classname="com.MastersTestRunner.StrengthTestRunner" name="strengthupdatewithspace" time="0.0">
    <ignored/>
  </testcase> <!-- strengthupdatewithspace -->
</testsuite> <!-- StrengthUpdate -->
