<?xml version="1.0" encoding="UTF-8"?>
<!-- Generated by org.testng.reporters.JUnitXMLReporter -->
<testsuite ignored="2" hostname="AILT-100247" failures="1" tests="1" name="BMRDraftInitiation" time="137.677" errors="0" timestamp="2024-12-18T15:50:11 IST">
  <testcase classname="com.InitiatorTestRunner.BMRDraftInitiation" name="draftinitiation" time="129.131">
    <failure type="org.openqa.selenium.ElementClickInterceptedException" message="element click intercepted: Element &amp;lt;button _ngcontent-ng-c2530581994=&amp;quot;&amp;quot; data-dismiss=&amp;quot;modal&amp;quot; class=&amp;quot;btn outLineBtn btn-block&amp;quot;&amp;gt;...&amp;lt;/button&amp;gt; is not clickable at point (565, 301). Other element would receive the click: &amp;lt;div _ngcontent-ng-c2530581994=&amp;quot;&amp;quot; class=&amp;quot;modal-body modal-bodyBox text-center&amp;quot;&amp;gt;...&amp;lt;/div&amp;gt;
  (Session info: chrome=131.0.6778.140)
Build info: version: &amp;apos;4.17.0&amp;apos;, revision: &amp;apos;e52b1be057*&amp;apos;
System info: os.name: &amp;apos;Windows 10&amp;apos;, os.arch: &amp;apos;amd64&amp;apos;, os.version: &amp;apos;10.0&amp;apos;, java.version: &amp;apos;14.0.2&amp;apos;
Driver info: org.openqa.selenium.chrome.ChromeDriver
Command: [b815f1f8f7c7142da9b441dc0cb5800e, clickElement {id=f.A938833139DAFCE550DBECBA078BFD87.d.C7F2F78F1F0DF44BE82F07560C83EED6.e.147}]
Capabilities {acceptInsecureCerts: false, browserName: chrome, browserVersion: 131.0.6778.140, chrome: {chromedriverVersion: 131.0.6778.108 (3b014839fbc..., userDataDir: C:\Users\VAISHN~1.T\AppData...}, fedcm:accounts: true, goog:chromeOptions: {debuggerAddress: localhost:61315}, networkConnectionEnabled: false, pageLoadStrategy: normal, platformName: windows, proxy: Proxy(), se:cdp: ws://localhost:61315/devtoo..., se:cdpVersion: 131.0.6778.140, setWindowRect: true, strictFileInteractability: false, timeouts: {implicit: 0, pageLoad: 300000, script: 30000}, unhandledPromptBehavior: dismiss and notify, webauthn:extension:credBlob: true, webauthn:extension:largeBlob: true, webauthn:extension:minPinLength: true, webauthn:extension:prf: true, webauthn:virtualAuthenticators: true}
Element: [[ChromeDriver: chrome on windows (b815f1f8f7c7142da9b441dc0cb5800e)] -&amp;gt; xpath: (//button[text()=&amp;apos; No &amp;apos;])[2]]
Session ID: b815f1f8f7c7142da9b441dc0cb5800e">
      <![CDATA[org.openqa.selenium.ElementClickInterceptedException: element click intercepted: Element <button _ngcontent-ng-c2530581994="" data-dismiss="modal" class="btn outLineBtn btn-block">...</button> is not clickable at point (565, 301). Other element would receive the click: <div _ngcontent-ng-c2530581994="" class="modal-body modal-bodyBox text-center">...</div>
  (Session info: chrome=131.0.6778.140)
Build info: version: '4.17.0', revision: 'e52b1be057*'
System info: os.name: 'Windows 10', os.arch: 'amd64', os.version: '10.0', java.version: '14.0.2'
Driver info: org.openqa.selenium.chrome.ChromeDriver
Command: [b815f1f8f7c7142da9b441dc0cb5800e, clickElement {id=f.A938833139DAFCE550DBECBA078BFD87.d.C7F2F78F1F0DF44BE82F07560C83EED6.e.147}]
Capabilities {acceptInsecureCerts: false, browserName: chrome, browserVersion: 131.0.6778.140, chrome: {chromedriverVersion: 131.0.6778.108 (3b014839fbc..., userDataDir: C:\Users\VAISHN~1.T\AppData...}, fedcm:accounts: true, goog:chromeOptions: {debuggerAddress: localhost:61315}, networkConnectionEnabled: false, pageLoadStrategy: normal, platformName: windows, proxy: Proxy(), se:cdp: ws://localhost:61315/devtoo..., se:cdpVersion: 131.0.6778.140, setWindowRect: true, strictFileInteractability: false, timeouts: {implicit: 0, pageLoad: 300000, script: 30000}, unhandledPromptBehavior: dismiss and notify, webauthn:extension:credBlob: true, webauthn:extension:largeBlob: true, webauthn:extension:minPinLength: true, webauthn:extension:prf: true, webauthn:virtualAuthenticators: true}
Element: [[ChromeDriver: chrome on windows (b815f1f8f7c7142da9b441dc0cb5800e)] -> xpath: (//button[text()=' No '])[2]]
Session ID: b815f1f8f7c7142da9b441dc0cb5800e
at org.openqa.selenium.remote.codec.w3c.W3CHttpResponseCodec.createException(W3CHttpResponseCodec.java:185)
at org.openqa.selenium.remote.codec.w3c.W3CHttpResponseCodec.decode(W3CHttpResponseCodec.java:134)
at org.openqa.selenium.remote.codec.w3c.W3CHttpResponseCodec.decode(W3CHttpResponseCodec.java:51)
at org.openqa.selenium.remote.HttpCommandExecutor.execute(HttpCommandExecutor.java:190)
at org.openqa.selenium.remote.service.DriverCommandExecutor.invokeExecute(DriverCommandExecutor.java:216)
at org.openqa.selenium.remote.service.DriverCommandExecutor.execute(DriverCommandExecutor.java:174)
at org.openqa.selenium.remote.RemoteWebDriver.execute(RemoteWebDriver.java:519)
at org.openqa.selenium.remote.RemoteWebElement.execute(RemoteWebElement.java:223)
at org.openqa.selenium.remote.RemoteWebElement.click(RemoteWebElement.java:76)
at org.openqa.selenium.support.pagefactory.internal.LocatingElementHandler.invoke(LocatingElementHandler.java:51)
at com.sun.proxy.$Proxy19.click(Unknown Source)
at com.BasicData.BRMSCommonMethods.clickElement(BRMSCommonMethods.java:145)
at com.InitiatorPageObjects.BMRDraftInitiation.submitactivity(BMRDraftInitiation.java:252)
at com.InitiatorTestRunner.BMRDraftInitiation.draftinitiation(BMRDraftInitiation.java:26)
at java.base/java.util.ArrayList.forEach(ArrayList.java:1511)
... Removed 36 stack frames]]>
    </failure>
  </testcase> <!-- draftinitiation -->
  <testcase classname="com.InitiatorTestRunner.BMRDraftInitiation" name="draftReinitiation" time="0.0">
    <ignored/>
  </testcase> <!-- draftReinitiation -->
  <testcase classname="com.InitiatorTestRunner.BMRDraftInitiation" name="draftinitiationwithoutcft" time="0.0">
    <ignored/>
  </testcase> <!-- draftinitiationwithoutcft -->
</testsuite> <!-- BMRDraftInitiation -->
