<?xml version="1.0" encoding="UTF-8"?>
<!-- Generated by org.testng.reporters.JUnitXMLReporter -->
<testsuite ignored="2" hostname="AILT-100247" failures="1" tests="1" name="bprdraftinitiation" time="14.816" errors="0" timestamp="2024-12-22T11:47:47 IST">
  <testcase classname="com.InitiatorTestRunner.BPRDraftInitiation" name="bprdraftinitiation" time="8.753">
    <failure type="org.openqa.selenium.ElementClickInterceptedException" message="element click intercepted: Element &amp;lt;a _ngcontent-ng-c3717407179=&amp;quot;&amp;quot; class=&amp;quot;flex-item ng-star-inserted&amp;quot;&amp;gt;...&amp;lt;/a&amp;gt; is not clickable at point (730, 247). Other element would receive the click: &amp;lt;div _ngcontent-ng-c3717407179=&amp;quot;&amp;quot; class=&amp;quot;row flex-div mt-4&amp;quot;&amp;gt;...&amp;lt;/div&amp;gt;
  (Session info: chrome=131.0.6778.205)
Build info: version: &amp;apos;4.17.0&amp;apos;, revision: &amp;apos;e52b1be057*&amp;apos;
System info: os.name: &amp;apos;Windows 10&amp;apos;, os.arch: &amp;apos;amd64&amp;apos;, os.version: &amp;apos;10.0&amp;apos;, java.version: &amp;apos;14.0.2&amp;apos;
Driver info: org.openqa.selenium.chrome.ChromeDriver
Command: [da825e61948c2d00e58a1e531a5209d2, clickElement {id=f.EF8F8729F51E6FC4F9FD1D1C91CA7554.d.F87AC577D0D60A2AEDF5E2AD857D67F1.e.53}]
Capabilities {acceptInsecureCerts: false, browserName: chrome, browserVersion: 131.0.6778.205, chrome: {chromedriverVersion: 131.0.6778.204 (52183f9e99a..., userDataDir: C:\Users\VAISHN~1.T\AppData...}, fedcm:accounts: true, goog:chromeOptions: {debuggerAddress: localhost:60215}, networkConnectionEnabled: false, pageLoadStrategy: normal, platformName: windows, proxy: Proxy(), se:cdp: ws://localhost:60215/devtoo..., se:cdpVersion: 131.0.6778.205, setWindowRect: true, strictFileInteractability: false, timeouts: {implicit: 0, pageLoad: 300000, script: 30000}, unhandledPromptBehavior: dismiss and notify, webauthn:extension:credBlob: true, webauthn:extension:largeBlob: true, webauthn:extension:minPinLength: true, webauthn:extension:prf: true, webauthn:virtualAuthenticators: true}
Element: [[ChromeDriver: chrome on windows (da825e61948c2d00e58a1e531a5209d2)] -&amp;gt; xpath: (//a[@class=&amp;apos;flex-item ng-star-inserted&amp;apos;])[1]]
Session ID: da825e61948c2d00e58a1e531a5209d2">
      <![CDATA[org.openqa.selenium.ElementClickInterceptedException: element click intercepted: Element <a _ngcontent-ng-c3717407179="" class="flex-item ng-star-inserted">...</a> is not clickable at point (730, 247). Other element would receive the click: <div _ngcontent-ng-c3717407179="" class="row flex-div mt-4">...</div>
  (Session info: chrome=131.0.6778.205)
Build info: version: '4.17.0', revision: 'e52b1be057*'
System info: os.name: 'Windows 10', os.arch: 'amd64', os.version: '10.0', java.version: '14.0.2'
Driver info: org.openqa.selenium.chrome.ChromeDriver
Command: [da825e61948c2d00e58a1e531a5209d2, clickElement {id=f.EF8F8729F51E6FC4F9FD1D1C91CA7554.d.F87AC577D0D60A2AEDF5E2AD857D67F1.e.53}]
Capabilities {acceptInsecureCerts: false, browserName: chrome, browserVersion: 131.0.6778.205, chrome: {chromedriverVersion: 131.0.6778.204 (52183f9e99a..., userDataDir: C:\Users\VAISHN~1.T\AppData...}, fedcm:accounts: true, goog:chromeOptions: {debuggerAddress: localhost:60215}, networkConnectionEnabled: false, pageLoadStrategy: normal, platformName: windows, proxy: Proxy(), se:cdp: ws://localhost:60215/devtoo..., se:cdpVersion: 131.0.6778.205, setWindowRect: true, strictFileInteractability: false, timeouts: {implicit: 0, pageLoad: 300000, script: 30000}, unhandledPromptBehavior: dismiss and notify, webauthn:extension:credBlob: true, webauthn:extension:largeBlob: true, webauthn:extension:minPinLength: true, webauthn:extension:prf: true, webauthn:virtualAuthenticators: true}
Element: [[ChromeDriver: chrome on windows (da825e61948c2d00e58a1e531a5209d2)] -> xpath: (//a[@class='flex-item ng-star-inserted'])[1]]
Session ID: da825e61948c2d00e58a1e531a5209d2
at org.openqa.selenium.remote.codec.w3c.W3CHttpResponseCodec.createException(W3CHttpResponseCodec.java:185)
at org.openqa.selenium.remote.codec.w3c.W3CHttpResponseCodec.decode(W3CHttpResponseCodec.java:134)
at org.openqa.selenium.remote.codec.w3c.W3CHttpResponseCodec.decode(W3CHttpResponseCodec.java:51)
at org.openqa.selenium.remote.HttpCommandExecutor.execute(HttpCommandExecutor.java:190)
at org.openqa.selenium.remote.service.DriverCommandExecutor.invokeExecute(DriverCommandExecutor.java:216)
at org.openqa.selenium.remote.service.DriverCommandExecutor.execute(DriverCommandExecutor.java:174)
at org.openqa.selenium.remote.RemoteWebDriver.execute(RemoteWebDriver.java:519)
at org.openqa.selenium.remote.RemoteWebElement.execute(RemoteWebElement.java:223)
at org.openqa.selenium.remote.RemoteWebElement.click(RemoteWebElement.java:76)
at org.openqa.selenium.support.pagefactory.internal.LocatingElementHandler.invoke(LocatingElementHandler.java:51)
at com.sun.proxy.$Proxy19.click(Unknown Source)
at com.BasicData.BRMSCommonMethods.clickElement(BRMSCommonMethods.java:149)
at com.InitiatorPageObjects.BMRDraftInitiation.bprmasterdraftinitiationtab(BMRDraftInitiation.java:93)
at com.InitiatorTestRunner.BPRDraftInitiation.bprdraftinitiation(BPRDraftInitiation.java:21)
at java.base/java.util.ArrayList.forEach(ArrayList.java:1511)
... Removed 36 stack frames]]>
    </failure>
  </testcase> <!-- bprdraftinitiation -->
  <testcase classname="com.InitiatorTestRunner.BPRDraftInitiation" name="bprdraftReinitiation" time="0.0">
    <ignored/>
  </testcase> <!-- bprdraftReinitiation -->
  <testcase classname="com.InitiatorTestRunner.BPRDraftInitiation" name="bprdraftinitiationwithoutcft" time="0.0">
    <ignored/>
  </testcase> <!-- bprdraftinitiationwithoutcft -->
</testsuite> <!-- bprdraftinitiation -->
