<?xml version="1.0" encoding="UTF-8"?>
<!-- Generated by org.testng.reporters.JUnitXMLReporter -->
<testsuite ignored="8" hostname="AILT-100247" failures="1" tests="1" name="commonbulkinitiation" time="7.276" errors="0" timestamp="2024-12-18T17:05:52 IST">
  <testcase classname="com.InitiatorTestRunner.BMRProductDetailsInitiation" name="commonbulkinitiation" time="0.167">
    <failure type="org.openqa.selenium.NoSuchWindowException" message="no such window: target window already closed
from unknown error: web view not found
  (Session info: chrome=131.0.6778.140)
Build info: version: &amp;apos;4.17.0&amp;apos;, revision: &amp;apos;e52b1be057*&amp;apos;
System info: os.name: &amp;apos;Windows 10&amp;apos;, os.arch: &amp;apos;amd64&amp;apos;, os.version: &amp;apos;10.0&amp;apos;, java.version: &amp;apos;14.0.2&amp;apos;
Driver info: org.openqa.selenium.chrome.ChromeDriver
Command: [fd7b435f92a01b044cb49fe4f2e5f231, findElement {using=xpath, value=//button[text()=&amp;apos;Login&amp;apos;]}]
Capabilities {acceptInsecureCerts: false, browserName: chrome, browserVersion: 131.0.6778.140, chrome: {chromedriverVersion: 131.0.6778.108 (3b014839fbc..., userDataDir: C:\Users\VAISHN~1.T\AppData...}, fedcm:accounts: true, goog:chromeOptions: {debuggerAddress: localhost:54297}, networkConnectionEnabled: false, pageLoadStrategy: normal, platformName: windows, proxy: Proxy(), se:cdp: ws://localhost:54297/devtoo..., se:cdpVersion: 131.0.6778.140, setWindowRect: true, strictFileInteractability: false, timeouts: {implicit: 0, pageLoad: 300000, script: 30000}, unhandledPromptBehavior: dismiss and notify, webauthn:extension:credBlob: true, webauthn:extension:largeBlob: true, webauthn:extension:minPinLength: true, webauthn:extension:prf: true, webauthn:virtualAuthenticators: true}
Session ID: fd7b435f92a01b044cb49fe4f2e5f231">
      <![CDATA[org.openqa.selenium.NoSuchWindowException: no such window: target window already closed
from unknown error: web view not found
  (Session info: chrome=131.0.6778.140)
Build info: version: '4.17.0', revision: 'e52b1be057*'
System info: os.name: 'Windows 10', os.arch: 'amd64', os.version: '10.0', java.version: '14.0.2'
Driver info: org.openqa.selenium.chrome.ChromeDriver
Command: [fd7b435f92a01b044cb49fe4f2e5f231, findElement {using=xpath, value=//button[text()='Login']}]
Capabilities {acceptInsecureCerts: false, browserName: chrome, browserVersion: 131.0.6778.140, chrome: {chromedriverVersion: 131.0.6778.108 (3b014839fbc..., userDataDir: C:\Users\VAISHN~1.T\AppData...}, fedcm:accounts: true, goog:chromeOptions: {debuggerAddress: localhost:54297}, networkConnectionEnabled: false, pageLoadStrategy: normal, platformName: windows, proxy: Proxy(), se:cdp: ws://localhost:54297/devtoo..., se:cdpVersion: 131.0.6778.140, setWindowRect: true, strictFileInteractability: false, timeouts: {implicit: 0, pageLoad: 300000, script: 30000}, unhandledPromptBehavior: dismiss and notify, webauthn:extension:credBlob: true, webauthn:extension:largeBlob: true, webauthn:extension:minPinLength: true, webauthn:extension:prf: true, webauthn:virtualAuthenticators: true}
Session ID: fd7b435f92a01b044cb49fe4f2e5f231
at org.openqa.selenium.remote.codec.w3c.W3CHttpResponseCodec.createException(W3CHttpResponseCodec.java:185)
at org.openqa.selenium.remote.codec.w3c.W3CHttpResponseCodec.decode(W3CHttpResponseCodec.java:134)
at org.openqa.selenium.remote.codec.w3c.W3CHttpResponseCodec.decode(W3CHttpResponseCodec.java:51)
at org.openqa.selenium.remote.HttpCommandExecutor.execute(HttpCommandExecutor.java:190)
at org.openqa.selenium.remote.service.DriverCommandExecutor.invokeExecute(DriverCommandExecutor.java:216)
at org.openqa.selenium.remote.service.DriverCommandExecutor.execute(DriverCommandExecutor.java:174)
at org.openqa.selenium.remote.RemoteWebDriver.execute(RemoteWebDriver.java:519)
at org.openqa.selenium.remote.ElementLocation$ElementFinder$2.findElement(ElementLocation.java:165)
at org.openqa.selenium.remote.ElementLocation.findElement(ElementLocation.java:59)
at org.openqa.selenium.remote.RemoteWebDriver.findElement(RemoteWebDriver.java:356)
at org.openqa.selenium.remote.RemoteWebDriver.findElement(RemoteWebDriver.java:350)
at org.openqa.selenium.support.pagefactory.DefaultElementLocator.findElement(DefaultElementLocator.java:68)
at org.openqa.selenium.support.pagefactory.internal.LocatingElementHandler.invoke(LocatingElementHandler.java:38)
at com.sun.proxy.$Proxy19.click(Unknown Source)
at com.BasicData.BRMSCommonMethods.clickElement(BRMSCommonMethods.java:145)
at com.AdminPageObjects.Assignmenu.userlogin(Assignmenu.java:71)
at com.InitiatorTestRunner.BMRProductDetailsInitiation.commonbulkinitiation(BMRProductDetailsInitiation.java:63)
at java.base/java.util.ArrayList.forEach(ArrayList.java:1511)
... Removed 33 stack frames]]>
    </failure>
  </testcase> <!-- commonbulkinitiation -->
  <testcase classname="com.InitiatorTestRunner.BMRProductDetailsInitiation" name="blendReinitiation" time="0.0">
    <ignored/>
  </testcase> <!-- blendReinitiation -->
  <testcase classname="com.InitiatorTestRunner.BMRProductDetailsInitiation" name="blendinitiationwithpellets" time="0.0">
    <ignored/>
  </testcase> <!-- blendinitiationwithpellets -->
  <testcase classname="com.InitiatorTestRunner.BMRProductDetailsInitiation" name="blendinitiationwithoutpellets" time="0.0">
    <ignored/>
  </testcase> <!-- blendinitiationwithoutpellets -->
  <testcase classname="com.InitiatorTestRunner.BMRProductDetailsInitiation" name="bulkReinitiation" time="0.0">
    <ignored/>
  </testcase> <!-- bulkReinitiation -->
  <testcase classname="com.InitiatorTestRunner.BMRProductDetailsInitiation" name="pelletsinitiation" time="0.0">
    <ignored/>
  </testcase> <!-- pelletsinitiation -->
  <testcase classname="com.InitiatorTestRunner.BMRProductDetailsInitiation" name="bulkbilayerinitiation" time="0.0">
    <ignored/>
  </testcase> <!-- bulkbilayerinitiation -->
  <testcase classname="com.InitiatorTestRunner.BMRProductDetailsInitiation" name="standardbulkinitiation" time="0.0">
    <ignored/>
  </testcase> <!-- standardbulkinitiation -->
  <testcase classname="com.InitiatorTestRunner.BMRProductDetailsInitiation" name="pelletsReinitiation" time="0.0">
    <ignored/>
  </testcase> <!-- pelletsReinitiation -->
</testsuite> <!-- commonbulkinitiation -->
